[0.725s] Invoking command in '/home/justin/Documents/GitHub/rsla_Computer_Vision/src': CONDA_PROMPT_MODIFIER=(base) PYTHONPATH=/home/justin/Documents/GitHub/rsla_Computer_Vision/build/ros2_cv/prefix_override:/home/justin/Documents/GitHub/rsla_Computer_Vision/install/ros2_cv/lib/python3.10/site-packages:${PYTHONPATH} /usr/bin/python3 setup.py egg_info --egg-base ../build/ros2_cv build --build-base /home/justin/Documents/GitHub/rsla_Computer_Vision/build/ros2_cv/build install --record /home/justin/Documents/GitHub/rsla_Computer_Vision/build/ros2_cv/install.log --single-version-externally-managed
[0.943s] running egg_info
[0.943s] creating ../build/ros2_cv/ros2_cv.egg-info
[0.943s] writing ../build/ros2_cv/ros2_cv.egg-info/PKG-INFO
[0.944s] writing dependency_links to ../build/ros2_cv/ros2_cv.egg-info/dependency_links.txt
[0.944s] writing entry points to ../build/ros2_cv/ros2_cv.egg-info/entry_points.txt
[0.944s] writing requirements to ../build/ros2_cv/ros2_cv.egg-info/requires.txt
[0.944s] writing top-level names to ../build/ros2_cv/ros2_cv.egg-info/top_level.txt
[0.944s] writing manifest file '../build/ros2_cv/ros2_cv.egg-info/SOURCES.txt'
[0.945s] reading manifest file '../build/ros2_cv/ros2_cv.egg-info/SOURCES.txt'
[0.946s] writing manifest file '../build/ros2_cv/ros2_cv.egg-info/SOURCES.txt'
[0.946s] running build
[0.946s] running build_py
[0.946s] creating /home/justin/Documents/GitHub/rsla_Computer_Vision/build/ros2_cv/build
[0.946s] creating /home/justin/Documents/GitHub/rsla_Computer_Vision/build/ros2_cv/build/lib
[0.946s] creating /home/justin/Documents/GitHub/rsla_Computer_Vision/build/ros2_cv/build/lib/cv
[0.947s] copying cv/__init__.py -> /home/justin/Documents/GitHub/rsla_Computer_Vision/build/ros2_cv/build/lib/cv
[0.947s] copying cv/cv.py -> /home/justin/Documents/GitHub/rsla_Computer_Vision/build/ros2_cv/build/lib/cv
[0.947s] creating /home/justin/Documents/GitHub/rsla_Computer_Vision/build/ros2_cv/build/lib/models
[0.947s] copying models/yolo.py -> /home/justin/Documents/GitHub/rsla_Computer_Vision/build/ros2_cv/build/lib/models
[0.947s] copying models/__init__.py -> /home/justin/Documents/GitHub/rsla_Computer_Vision/build/ros2_cv/build/lib/models
[0.947s] copying models/common.py -> /home/justin/Documents/GitHub/rsla_Computer_Vision/build/ros2_cv/build/lib/models
[0.947s] copying models/experimental.py -> /home/justin/Documents/GitHub/rsla_Computer_Vision/build/ros2_cv/build/lib/models
[0.947s] running install
[0.947s] /usr/lib/python3/dist-packages/setuptools/command/install.py:34: SetuptoolsDeprecationWarning: setup.py install is deprecated. Use build and pip and other standards-based tools.
[0.948s]   warnings.warn(
[0.948s] running install_lib
[0.949s] running install_data
[0.949s] error: can't copy 'resource/ros2_cv': doesn't exist or not a regular file
[0.963s] Invoked command in '/home/justin/Documents/GitHub/rsla_Computer_Vision/src' returned '1': CONDA_PROMPT_MODIFIER=(base) PYTHONPATH=/home/justin/Documents/GitHub/rsla_Computer_Vision/build/ros2_cv/prefix_override:/home/justin/Documents/GitHub/rsla_Computer_Vision/install/ros2_cv/lib/python3.10/site-packages:${PYTHONPATH} /usr/bin/python3 setup.py egg_info --egg-base ../build/ros2_cv build --build-base /home/justin/Documents/GitHub/rsla_Computer_Vision/build/ros2_cv/build install --record /home/justin/Documents/GitHub/rsla_Computer_Vision/build/ros2_cv/install.log --single-version-externally-managed
