[1.032s] DEBUG:colcon:Command line arguments: ['/usr/bin/colcon', 'build']
[1.032s] DEBUG:colcon:Parsed command line arguments: Namespace(log_base=None, log_level=None, verb_name='build', build_base='build', install_base='install', merge_install=False, symlink_install=False, test_result_base=None, continue_on_error=False, executor='parallel', parallel_workers=12, event_handlers=None, ignore_user_meta=False, metas=['./colcon.meta'], base_paths=['.'], packages_ignore=None, packages_ignore_regex=None, paths=None, packages_up_to=None, packages_up_to_regex=None, packages_above=None, packages_above_and_dependencies=None, packages_above_depth=None, packages_select_by_dep=None, packages_skip_by_dep=None, packages_skip_up_to=None, packages_select_build_failed=False, packages_skip_build_finished=False, packages_select_test_failures=False, packages_skip_test_passed=False, packages_select=None, packages_skip=None, packages_select_regex=None, packages_skip_regex=None, packages_start=None, packages_end=None, allow_overriding=[], cmake_args=None, cmake_target=None, cmake_target_skip_unavailable=False, cmake_clean_cache=False, cmake_clean_first=False, cmake_force_configure=False, ament_cmake_args=None, catkin_cmake_args=None, catkin_skip_building_tests=False, verb_parser=<colcon_defaults.argument_parser.defaults.DefaultArgumentsDecorator object at 0x7279e5397850>, verb_extension=<colcon_core.verb.build.BuildVerb object at 0x7279e57e3f40>, main=<bound method BuildVerb.main of <colcon_core.verb.build.BuildVerb object at 0x7279e57e3f40>>)
[1.082s] Level 1:colcon.colcon_core.package_discovery:discover_packages(colcon_meta) check parameters
[1.083s] Level 1:colcon.colcon_core.package_discovery:discover_packages(recursive) check parameters
[1.083s] Level 1:colcon.colcon_core.package_discovery:discover_packages(ignore) check parameters
[1.083s] Level 1:colcon.colcon_core.package_discovery:discover_packages(path) check parameters
[1.083s] Level 1:colcon.colcon_core.package_discovery:discover_packages(colcon_meta) discover
[1.083s] Level 1:colcon.colcon_core.package_discovery:discover_packages(recursive) discover
[1.083s] INFO:colcon.colcon_core.package_discovery:Crawling recursively for packages in '/home/justin/Documents/GitHub/rsla_Computer_Vision'
[1.083s] Level 1:colcon.colcon_core.package_identification:_identify(.) by extensions ['ignore', 'ignore_ament_install']
[1.083s] Level 1:colcon.colcon_core.package_identification:_identify(.) by extension 'ignore'
[1.083s] Level 1:colcon.colcon_core.package_identification:_identify(.) by extension 'ignore_ament_install'
[1.083s] Level 1:colcon.colcon_core.package_identification:_identify(.) by extensions ['colcon_pkg']
[1.083s] Level 1:colcon.colcon_core.package_identification:_identify(.) by extension 'colcon_pkg'
[1.083s] Level 1:colcon.colcon_core.package_identification:_identify(.) by extensions ['colcon_meta']
[1.083s] Level 1:colcon.colcon_core.package_identification:_identify(.) by extension 'colcon_meta'
[1.083s] Level 1:colcon.colcon_core.package_identification:_identify(.) by extensions ['ros']
[1.083s] Level 1:colcon.colcon_core.package_identification:_identify(.) by extension 'ros'
[1.092s] Level 1:colcon.colcon_core.package_identification:_identify(.) by extensions ['cmake', 'python']
[1.092s] Level 1:colcon.colcon_core.package_identification:_identify(.) by extension 'cmake'
[1.092s] Level 1:colcon.colcon_core.package_identification:_identify(.) by extension 'python'
[1.092s] Level 1:colcon.colcon_core.package_identification:_identify(.) by extensions ['python_setup_py']
[1.092s] Level 1:colcon.colcon_core.package_identification:_identify(.) by extension 'python_setup_py'
[1.092s] Level 1:colcon.colcon_core.package_identification:_identify(build) by extensions ['ignore', 'ignore_ament_install']
[1.092s] Level 1:colcon.colcon_core.package_identification:_identify(build) by extension 'ignore'
[1.092s] Level 1:colcon.colcon_core.package_identification:_identify(build) ignored
[1.093s] Level 1:colcon.colcon_core.package_identification:_identify(install) by extensions ['ignore', 'ignore_ament_install']
[1.093s] Level 1:colcon.colcon_core.package_identification:_identify(install) by extension 'ignore'
[1.093s] Level 1:colcon.colcon_core.package_identification:_identify(install) ignored
[1.093s] Level 1:colcon.colcon_core.package_identification:_identify(log) by extensions ['ignore', 'ignore_ament_install']
[1.093s] Level 1:colcon.colcon_core.package_identification:_identify(log) by extension 'ignore'
[1.093s] Level 1:colcon.colcon_core.package_identification:_identify(log) ignored
[1.093s] Level 1:colcon.colcon_core.package_identification:_identify(src) by extensions ['ignore', 'ignore_ament_install']
[1.093s] Level 1:colcon.colcon_core.package_identification:_identify(src) by extension 'ignore'
[1.093s] Level 1:colcon.colcon_core.package_identification:_identify(src) by extension 'ignore_ament_install'
[1.093s] Level 1:colcon.colcon_core.package_identification:_identify(src) by extensions ['colcon_pkg']
[1.093s] Level 1:colcon.colcon_core.package_identification:_identify(src) by extension 'colcon_pkg'
[1.093s] Level 1:colcon.colcon_core.package_identification:_identify(src) by extensions ['colcon_meta']
[1.093s] Level 1:colcon.colcon_core.package_identification:_identify(src) by extension 'colcon_meta'
[1.093s] Level 1:colcon.colcon_core.package_identification:_identify(src) by extensions ['ros']
[1.093s] Level 1:colcon.colcon_core.package_identification:_identify(src) by extension 'ros'
[1.093s] Level 1:colcon.colcon_core.package_identification:_identify(src) by extensions ['cmake', 'python']
[1.093s] Level 1:colcon.colcon_core.package_identification:_identify(src) by extension 'cmake'
[1.093s] Level 1:colcon.colcon_core.package_identification:_identify(src) by extension 'python'
[1.093s] Level 1:colcon.colcon_core.package_identification:_identify(src) by extensions ['python_setup_py']
[1.093s] Level 1:colcon.colcon_core.package_identification:_identify(src) by extension 'python_setup_py'
[1.093s] Level 1:colcon.colcon_core.package_identification:_identify(src/ROS2) by extensions ['ignore', 'ignore_ament_install']
[1.093s] Level 1:colcon.colcon_core.package_identification:_identify(src/ROS2) by extension 'ignore'
[1.094s] Level 1:colcon.colcon_core.package_identification:_identify(src/ROS2) by extension 'ignore_ament_install'
[1.094s] Level 1:colcon.colcon_core.package_identification:_identify(src/ROS2) by extensions ['colcon_pkg']
[1.094s] Level 1:colcon.colcon_core.package_identification:_identify(src/ROS2) by extension 'colcon_pkg'
[1.094s] Level 1:colcon.colcon_core.package_identification:_identify(src/ROS2) by extensions ['colcon_meta']
[1.094s] Level 1:colcon.colcon_core.package_identification:_identify(src/ROS2) by extension 'colcon_meta'
[1.094s] Level 1:colcon.colcon_core.package_identification:_identify(src/ROS2) by extensions ['ros']
[1.094s] Level 1:colcon.colcon_core.package_identification:_identify(src/ROS2) by extension 'ros'
[1.094s] Level 1:colcon.colcon_core.package_identification:_identify(src/ROS2) by extensions ['cmake', 'python']
[1.094s] Level 1:colcon.colcon_core.package_identification:_identify(src/ROS2) by extension 'cmake'
[1.094s] Level 1:colcon.colcon_core.package_identification:_identify(src/ROS2) by extension 'python'
[1.094s] Level 1:colcon.colcon_core.package_identification:_identify(src/ROS2) by extensions ['python_setup_py']
[1.094s] Level 1:colcon.colcon_core.package_identification:_identify(src/ROS2) by extension 'python_setup_py'
[1.094s] Level 1:colcon.colcon_core.package_identification:_identify(src/ROS2/yolo) by extensions ['ignore', 'ignore_ament_install']
[1.094s] Level 1:colcon.colcon_core.package_identification:_identify(src/ROS2/yolo) by extension 'ignore'
[1.094s] Level 1:colcon.colcon_core.package_identification:_identify(src/ROS2/yolo) by extension 'ignore_ament_install'
[1.094s] Level 1:colcon.colcon_core.package_identification:_identify(src/ROS2/yolo) by extensions ['colcon_pkg']
[1.094s] Level 1:colcon.colcon_core.package_identification:_identify(src/ROS2/yolo) by extension 'colcon_pkg'
[1.094s] Level 1:colcon.colcon_core.package_identification:_identify(src/ROS2/yolo) by extensions ['colcon_meta']
[1.094s] Level 1:colcon.colcon_core.package_identification:_identify(src/ROS2/yolo) by extension 'colcon_meta'
[1.094s] Level 1:colcon.colcon_core.package_identification:_identify(src/ROS2/yolo) by extensions ['ros']
[1.094s] Level 1:colcon.colcon_core.package_identification:_identify(src/ROS2/yolo) by extension 'ros'
[1.094s] Level 1:colcon.colcon_core.package_identification:_identify(src/ROS2/yolo) by extensions ['cmake', 'python']
[1.094s] Level 1:colcon.colcon_core.package_identification:_identify(src/ROS2/yolo) by extension 'cmake'
[1.094s] Level 1:colcon.colcon_core.package_identification:_identify(src/ROS2/yolo) by extension 'python'
[1.094s] Level 1:colcon.colcon_core.package_identification:_identify(src/ROS2/yolo) by extensions ['python_setup_py']
[1.094s] Level 1:colcon.colcon_core.package_identification:_identify(src/ROS2/yolo) by extension 'python_setup_py'
[1.095s] Level 1:colcon.colcon_core.package_identification:_identify(src/ROS2/yolo/cfg) by extensions ['ignore', 'ignore_ament_install']
[1.095s] Level 1:colcon.colcon_core.package_identification:_identify(src/ROS2/yolo/cfg) by extension 'ignore'
[1.095s] Level 1:colcon.colcon_core.package_identification:_identify(src/ROS2/yolo/cfg) by extension 'ignore_ament_install'
[1.095s] Level 1:colcon.colcon_core.package_identification:_identify(src/ROS2/yolo/cfg) by extensions ['colcon_pkg']
[1.095s] Level 1:colcon.colcon_core.package_identification:_identify(src/ROS2/yolo/cfg) by extension 'colcon_pkg'
[1.095s] Level 1:colcon.colcon_core.package_identification:_identify(src/ROS2/yolo/cfg) by extensions ['colcon_meta']
[1.095s] Level 1:colcon.colcon_core.package_identification:_identify(src/ROS2/yolo/cfg) by extension 'colcon_meta'
[1.095s] Level 1:colcon.colcon_core.package_identification:_identify(src/ROS2/yolo/cfg) by extensions ['ros']
[1.095s] Level 1:colcon.colcon_core.package_identification:_identify(src/ROS2/yolo/cfg) by extension 'ros'
[1.095s] Level 1:colcon.colcon_core.package_identification:_identify(src/ROS2/yolo/cfg) by extensions ['cmake', 'python']
[1.095s] Level 1:colcon.colcon_core.package_identification:_identify(src/ROS2/yolo/cfg) by extension 'cmake'
[1.095s] Level 1:colcon.colcon_core.package_identification:_identify(src/ROS2/yolo/cfg) by extension 'python'
[1.095s] Level 1:colcon.colcon_core.package_identification:_identify(src/ROS2/yolo/cfg) by extensions ['python_setup_py']
[1.095s] Level 1:colcon.colcon_core.package_identification:_identify(src/ROS2/yolo/cfg) by extension 'python_setup_py'
[1.095s] Level 1:colcon.colcon_core.package_identification:_identify(src/ROS2/yolo/cfg/baseline) by extensions ['ignore', 'ignore_ament_install']
[1.095s] Level 1:colcon.colcon_core.package_identification:_identify(src/ROS2/yolo/cfg/baseline) by extension 'ignore'
[1.095s] Level 1:colcon.colcon_core.package_identification:_identify(src/ROS2/yolo/cfg/baseline) by extension 'ignore_ament_install'
[1.095s] Level 1:colcon.colcon_core.package_identification:_identify(src/ROS2/yolo/cfg/baseline) by extensions ['colcon_pkg']
[1.095s] Level 1:colcon.colcon_core.package_identification:_identify(src/ROS2/yolo/cfg/baseline) by extension 'colcon_pkg'
[1.095s] Level 1:colcon.colcon_core.package_identification:_identify(src/ROS2/yolo/cfg/baseline) by extensions ['colcon_meta']
[1.095s] Level 1:colcon.colcon_core.package_identification:_identify(src/ROS2/yolo/cfg/baseline) by extension 'colcon_meta'
[1.095s] Level 1:colcon.colcon_core.package_identification:_identify(src/ROS2/yolo/cfg/baseline) by extensions ['ros']
[1.095s] Level 1:colcon.colcon_core.package_identification:_identify(src/ROS2/yolo/cfg/baseline) by extension 'ros'
[1.095s] Level 1:colcon.colcon_core.package_identification:_identify(src/ROS2/yolo/cfg/baseline) by extensions ['cmake', 'python']
[1.096s] Level 1:colcon.colcon_core.package_identification:_identify(src/ROS2/yolo/cfg/baseline) by extension 'cmake'
[1.096s] Level 1:colcon.colcon_core.package_identification:_identify(src/ROS2/yolo/cfg/baseline) by extension 'python'
[1.096s] Level 1:colcon.colcon_core.package_identification:_identify(src/ROS2/yolo/cfg/baseline) by extensions ['python_setup_py']
[1.096s] Level 1:colcon.colcon_core.package_identification:_identify(src/ROS2/yolo/cfg/baseline) by extension 'python_setup_py'
[1.096s] Level 1:colcon.colcon_core.package_identification:_identify(src/ROS2/yolo/cfg/deploy) by extensions ['ignore', 'ignore_ament_install']
[1.096s] Level 1:colcon.colcon_core.package_identification:_identify(src/ROS2/yolo/cfg/deploy) by extension 'ignore'
[1.096s] Level 1:colcon.colcon_core.package_identification:_identify(src/ROS2/yolo/cfg/deploy) by extension 'ignore_ament_install'
[1.096s] Level 1:colcon.colcon_core.package_identification:_identify(src/ROS2/yolo/cfg/deploy) by extensions ['colcon_pkg']
[1.096s] Level 1:colcon.colcon_core.package_identification:_identify(src/ROS2/yolo/cfg/deploy) by extension 'colcon_pkg'
[1.096s] Level 1:colcon.colcon_core.package_identification:_identify(src/ROS2/yolo/cfg/deploy) by extensions ['colcon_meta']
[1.096s] Level 1:colcon.colcon_core.package_identification:_identify(src/ROS2/yolo/cfg/deploy) by extension 'colcon_meta'
[1.096s] Level 1:colcon.colcon_core.package_identification:_identify(src/ROS2/yolo/cfg/deploy) by extensions ['ros']
[1.096s] Level 1:colcon.colcon_core.package_identification:_identify(src/ROS2/yolo/cfg/deploy) by extension 'ros'
[1.096s] Level 1:colcon.colcon_core.package_identification:_identify(src/ROS2/yolo/cfg/deploy) by extensions ['cmake', 'python']
[1.096s] Level 1:colcon.colcon_core.package_identification:_identify(src/ROS2/yolo/cfg/deploy) by extension 'cmake'
[1.096s] Level 1:colcon.colcon_core.package_identification:_identify(src/ROS2/yolo/cfg/deploy) by extension 'python'
[1.096s] Level 1:colcon.colcon_core.package_identification:_identify(src/ROS2/yolo/cfg/deploy) by extensions ['python_setup_py']
[1.096s] Level 1:colcon.colcon_core.package_identification:_identify(src/ROS2/yolo/cfg/deploy) by extension 'python_setup_py'
[1.096s] Level 1:colcon.colcon_core.package_identification:_identify(src/ROS2/yolo/cfg/training) by extensions ['ignore', 'ignore_ament_install']
[1.096s] Level 1:colcon.colcon_core.package_identification:_identify(src/ROS2/yolo/cfg/training) by extension 'ignore'
[1.096s] Level 1:colcon.colcon_core.package_identification:_identify(src/ROS2/yolo/cfg/training) by extension 'ignore_ament_install'
[1.096s] Level 1:colcon.colcon_core.package_identification:_identify(src/ROS2/yolo/cfg/training) by extensions ['colcon_pkg']
[1.096s] Level 1:colcon.colcon_core.package_identification:_identify(src/ROS2/yolo/cfg/training) by extension 'colcon_pkg'
[1.096s] Level 1:colcon.colcon_core.package_identification:_identify(src/ROS2/yolo/cfg/training) by extensions ['colcon_meta']
[1.097s] Level 1:colcon.colcon_core.package_identification:_identify(src/ROS2/yolo/cfg/training) by extension 'colcon_meta'
[1.097s] Level 1:colcon.colcon_core.package_identification:_identify(src/ROS2/yolo/cfg/training) by extensions ['ros']
[1.097s] Level 1:colcon.colcon_core.package_identification:_identify(src/ROS2/yolo/cfg/training) by extension 'ros'
[1.097s] Level 1:colcon.colcon_core.package_identification:_identify(src/ROS2/yolo/cfg/training) by extensions ['cmake', 'python']
[1.097s] Level 1:colcon.colcon_core.package_identification:_identify(src/ROS2/yolo/cfg/training) by extension 'cmake'
[1.097s] Level 1:colcon.colcon_core.package_identification:_identify(src/ROS2/yolo/cfg/training) by extension 'python'
[1.097s] Level 1:colcon.colcon_core.package_identification:_identify(src/ROS2/yolo/cfg/training) by extensions ['python_setup_py']
[1.097s] Level 1:colcon.colcon_core.package_identification:_identify(src/ROS2/yolo/cfg/training) by extension 'python_setup_py'
[1.097s] Level 1:colcon.colcon_core.package_identification:_identify(src/ROS2/yolo/data) by extensions ['ignore', 'ignore_ament_install']
[1.097s] Level 1:colcon.colcon_core.package_identification:_identify(src/ROS2/yolo/data) by extension 'ignore'
[1.097s] Level 1:colcon.colcon_core.package_identification:_identify(src/ROS2/yolo/data) by extension 'ignore_ament_install'
[1.097s] Level 1:colcon.colcon_core.package_identification:_identify(src/ROS2/yolo/data) by extensions ['colcon_pkg']
[1.097s] Level 1:colcon.colcon_core.package_identification:_identify(src/ROS2/yolo/data) by extension 'colcon_pkg'
[1.097s] Level 1:colcon.colcon_core.package_identification:_identify(src/ROS2/yolo/data) by extensions ['colcon_meta']
[1.097s] Level 1:colcon.colcon_core.package_identification:_identify(src/ROS2/yolo/data) by extension 'colcon_meta'
[1.097s] Level 1:colcon.colcon_core.package_identification:_identify(src/ROS2/yolo/data) by extensions ['ros']
[1.097s] Level 1:colcon.colcon_core.package_identification:_identify(src/ROS2/yolo/data) by extension 'ros'
[1.097s] Level 1:colcon.colcon_core.package_identification:_identify(src/ROS2/yolo/data) by extensions ['cmake', 'python']
[1.097s] Level 1:colcon.colcon_core.package_identification:_identify(src/ROS2/yolo/data) by extension 'cmake'
[1.097s] Level 1:colcon.colcon_core.package_identification:_identify(src/ROS2/yolo/data) by extension 'python'
[1.097s] Level 1:colcon.colcon_core.package_identification:_identify(src/ROS2/yolo/data) by extensions ['python_setup_py']
[1.097s] Level 1:colcon.colcon_core.package_identification:_identify(src/ROS2/yolo/data) by extension 'python_setup_py'
[1.097s] Level 1:colcon.colcon_core.package_identification:_identify(src/ROS2/yolo/deploy) by extensions ['ignore', 'ignore_ament_install']
[1.097s] Level 1:colcon.colcon_core.package_identification:_identify(src/ROS2/yolo/deploy) by extension 'ignore'
[1.098s] Level 1:colcon.colcon_core.package_identification:_identify(src/ROS2/yolo/deploy) by extension 'ignore_ament_install'
[1.098s] Level 1:colcon.colcon_core.package_identification:_identify(src/ROS2/yolo/deploy) by extensions ['colcon_pkg']
[1.098s] Level 1:colcon.colcon_core.package_identification:_identify(src/ROS2/yolo/deploy) by extension 'colcon_pkg'
[1.098s] Level 1:colcon.colcon_core.package_identification:_identify(src/ROS2/yolo/deploy) by extensions ['colcon_meta']
[1.098s] Level 1:colcon.colcon_core.package_identification:_identify(src/ROS2/yolo/deploy) by extension 'colcon_meta'
[1.098s] Level 1:colcon.colcon_core.package_identification:_identify(src/ROS2/yolo/deploy) by extensions ['ros']
[1.098s] Level 1:colcon.colcon_core.package_identification:_identify(src/ROS2/yolo/deploy) by extension 'ros'
[1.098s] Level 1:colcon.colcon_core.package_identification:_identify(src/ROS2/yolo/deploy) by extensions ['cmake', 'python']
[1.098s] Level 1:colcon.colcon_core.package_identification:_identify(src/ROS2/yolo/deploy) by extension 'cmake'
[1.098s] Level 1:colcon.colcon_core.package_identification:_identify(src/ROS2/yolo/deploy) by extension 'python'
[1.098s] Level 1:colcon.colcon_core.package_identification:_identify(src/ROS2/yolo/deploy) by extensions ['python_setup_py']
[1.098s] Level 1:colcon.colcon_core.package_identification:_identify(src/ROS2/yolo/deploy) by extension 'python_setup_py'
[1.098s] Level 1:colcon.colcon_core.package_identification:_identify(src/ROS2/yolo/deploy/triton-inference-server) by extensions ['ignore', 'ignore_ament_install']
[1.098s] Level 1:colcon.colcon_core.package_identification:_identify(src/ROS2/yolo/deploy/triton-inference-server) by extension 'ignore'
[1.098s] Level 1:colcon.colcon_core.package_identification:_identify(src/ROS2/yolo/deploy/triton-inference-server) by extension 'ignore_ament_install'
[1.098s] Level 1:colcon.colcon_core.package_identification:_identify(src/ROS2/yolo/deploy/triton-inference-server) by extensions ['colcon_pkg']
[1.098s] Level 1:colcon.colcon_core.package_identification:_identify(src/ROS2/yolo/deploy/triton-inference-server) by extension 'colcon_pkg'
[1.098s] Level 1:colcon.colcon_core.package_identification:_identify(src/ROS2/yolo/deploy/triton-inference-server) by extensions ['colcon_meta']
[1.098s] Level 1:colcon.colcon_core.package_identification:_identify(src/ROS2/yolo/deploy/triton-inference-server) by extension 'colcon_meta'
[1.098s] Level 1:colcon.colcon_core.package_identification:_identify(src/ROS2/yolo/deploy/triton-inference-server) by extensions ['ros']
[1.098s] Level 1:colcon.colcon_core.package_identification:_identify(src/ROS2/yolo/deploy/triton-inference-server) by extension 'ros'
[1.098s] Level 1:colcon.colcon_core.package_identification:_identify(src/ROS2/yolo/deploy/triton-inference-server) by extensions ['cmake', 'python']
[1.098s] Level 1:colcon.colcon_core.package_identification:_identify(src/ROS2/yolo/deploy/triton-inference-server) by extension 'cmake'
[1.098s] Level 1:colcon.colcon_core.package_identification:_identify(src/ROS2/yolo/deploy/triton-inference-server) by extension 'python'
[1.098s] Level 1:colcon.colcon_core.package_identification:_identify(src/ROS2/yolo/deploy/triton-inference-server) by extensions ['python_setup_py']
[1.098s] Level 1:colcon.colcon_core.package_identification:_identify(src/ROS2/yolo/deploy/triton-inference-server) by extension 'python_setup_py'
[1.099s] Level 1:colcon.colcon_core.package_identification:_identify(src/ROS2/yolo/models) by extensions ['ignore', 'ignore_ament_install']
[1.099s] Level 1:colcon.colcon_core.package_identification:_identify(src/ROS2/yolo/models) by extension 'ignore'
[1.099s] Level 1:colcon.colcon_core.package_identification:_identify(src/ROS2/yolo/models) by extension 'ignore_ament_install'
[1.099s] Level 1:colcon.colcon_core.package_identification:_identify(src/ROS2/yolo/models) by extensions ['colcon_pkg']
[1.099s] Level 1:colcon.colcon_core.package_identification:_identify(src/ROS2/yolo/models) by extension 'colcon_pkg'
[1.099s] Level 1:colcon.colcon_core.package_identification:_identify(src/ROS2/yolo/models) by extensions ['colcon_meta']
[1.099s] Level 1:colcon.colcon_core.package_identification:_identify(src/ROS2/yolo/models) by extension 'colcon_meta'
[1.099s] Level 1:colcon.colcon_core.package_identification:_identify(src/ROS2/yolo/models) by extensions ['ros']
[1.099s] Level 1:colcon.colcon_core.package_identification:_identify(src/ROS2/yolo/models) by extension 'ros'
[1.099s] Level 1:colcon.colcon_core.package_identification:_identify(src/ROS2/yolo/models) by extensions ['cmake', 'python']
[1.099s] Level 1:colcon.colcon_core.package_identification:_identify(src/ROS2/yolo/models) by extension 'cmake'
[1.099s] Level 1:colcon.colcon_core.package_identification:_identify(src/ROS2/yolo/models) by extension 'python'
[1.099s] Level 1:colcon.colcon_core.package_identification:_identify(src/ROS2/yolo/models) by extensions ['python_setup_py']
[1.099s] Level 1:colcon.colcon_core.package_identification:_identify(src/ROS2/yolo/models) by extension 'python_setup_py'
[1.099s] Level 1:colcon.colcon_core.package_identification:_identify(src/ROS2/yolo/paper) by extensions ['ignore', 'ignore_ament_install']
[1.099s] Level 1:colcon.colcon_core.package_identification:_identify(src/ROS2/yolo/paper) by extension 'ignore'
[1.099s] Level 1:colcon.colcon_core.package_identification:_identify(src/ROS2/yolo/paper) by extension 'ignore_ament_install'
[1.099s] Level 1:colcon.colcon_core.package_identification:_identify(src/ROS2/yolo/paper) by extensions ['colcon_pkg']
[1.099s] Level 1:colcon.colcon_core.package_identification:_identify(src/ROS2/yolo/paper) by extension 'colcon_pkg'
[1.099s] Level 1:colcon.colcon_core.package_identification:_identify(src/ROS2/yolo/paper) by extensions ['colcon_meta']
[1.099s] Level 1:colcon.colcon_core.package_identification:_identify(src/ROS2/yolo/paper) by extension 'colcon_meta'
[1.099s] Level 1:colcon.colcon_core.package_identification:_identify(src/ROS2/yolo/paper) by extensions ['ros']
[1.099s] Level 1:colcon.colcon_core.package_identification:_identify(src/ROS2/yolo/paper) by extension 'ros'
[1.099s] Level 1:colcon.colcon_core.package_identification:_identify(src/ROS2/yolo/paper) by extensions ['cmake', 'python']
[1.099s] Level 1:colcon.colcon_core.package_identification:_identify(src/ROS2/yolo/paper) by extension 'cmake'
[1.099s] Level 1:colcon.colcon_core.package_identification:_identify(src/ROS2/yolo/paper) by extension 'python'
[1.100s] Level 1:colcon.colcon_core.package_identification:_identify(src/ROS2/yolo/paper) by extensions ['python_setup_py']
[1.100s] Level 1:colcon.colcon_core.package_identification:_identify(src/ROS2/yolo/paper) by extension 'python_setup_py'
[1.100s] Level 1:colcon.colcon_core.package_identification:_identify(src/ROS2/yolo/scripts) by extensions ['ignore', 'ignore_ament_install']
[1.100s] Level 1:colcon.colcon_core.package_identification:_identify(src/ROS2/yolo/scripts) by extension 'ignore'
[1.100s] Level 1:colcon.colcon_core.package_identification:_identify(src/ROS2/yolo/scripts) by extension 'ignore_ament_install'
[1.100s] Level 1:colcon.colcon_core.package_identification:_identify(src/ROS2/yolo/scripts) by extensions ['colcon_pkg']
[1.100s] Level 1:colcon.colcon_core.package_identification:_identify(src/ROS2/yolo/scripts) by extension 'colcon_pkg'
[1.100s] Level 1:colcon.colcon_core.package_identification:_identify(src/ROS2/yolo/scripts) by extensions ['colcon_meta']
[1.100s] Level 1:colcon.colcon_core.package_identification:_identify(src/ROS2/yolo/scripts) by extension 'colcon_meta'
[1.100s] Level 1:colcon.colcon_core.package_identification:_identify(src/ROS2/yolo/scripts) by extensions ['ros']
[1.100s] Level 1:colcon.colcon_core.package_identification:_identify(src/ROS2/yolo/scripts) by extension 'ros'
[1.100s] Level 1:colcon.colcon_core.package_identification:_identify(src/ROS2/yolo/scripts) by extensions ['cmake', 'python']
[1.100s] Level 1:colcon.colcon_core.package_identification:_identify(src/ROS2/yolo/scripts) by extension 'cmake'
[1.100s] Level 1:colcon.colcon_core.package_identification:_identify(src/ROS2/yolo/scripts) by extension 'python'
[1.100s] Level 1:colcon.colcon_core.package_identification:_identify(src/ROS2/yolo/scripts) by extensions ['python_setup_py']
[1.100s] Level 1:colcon.colcon_core.package_identification:_identify(src/ROS2/yolo/scripts) by extension 'python_setup_py'
[1.100s] Level 1:colcon.colcon_core.package_identification:_identify(src/ROS2/yolo/tools) by extensions ['ignore', 'ignore_ament_install']
[1.100s] Level 1:colcon.colcon_core.package_identification:_identify(src/ROS2/yolo/tools) by extension 'ignore'
[1.100s] Level 1:colcon.colcon_core.package_identification:_identify(src/ROS2/yolo/tools) by extension 'ignore_ament_install'
[1.100s] Level 1:colcon.colcon_core.package_identification:_identify(src/ROS2/yolo/tools) by extensions ['colcon_pkg']
[1.100s] Level 1:colcon.colcon_core.package_identification:_identify(src/ROS2/yolo/tools) by extension 'colcon_pkg'
[1.100s] Level 1:colcon.colcon_core.package_identification:_identify(src/ROS2/yolo/tools) by extensions ['colcon_meta']
[1.100s] Level 1:colcon.colcon_core.package_identification:_identify(src/ROS2/yolo/tools) by extension 'colcon_meta'
[1.100s] Level 1:colcon.colcon_core.package_identification:_identify(src/ROS2/yolo/tools) by extensions ['ros']
[1.100s] Level 1:colcon.colcon_core.package_identification:_identify(src/ROS2/yolo/tools) by extension 'ros'
[1.101s] Level 1:colcon.colcon_core.package_identification:_identify(src/ROS2/yolo/tools) by extensions ['cmake', 'python']
[1.101s] Level 1:colcon.colcon_core.package_identification:_identify(src/ROS2/yolo/tools) by extension 'cmake'
[1.101s] Level 1:colcon.colcon_core.package_identification:_identify(src/ROS2/yolo/tools) by extension 'python'
[1.101s] Level 1:colcon.colcon_core.package_identification:_identify(src/ROS2/yolo/tools) by extensions ['python_setup_py']
[1.101s] Level 1:colcon.colcon_core.package_identification:_identify(src/ROS2/yolo/tools) by extension 'python_setup_py'
[1.101s] Level 1:colcon.colcon_core.package_identification:_identify(src/ROS2/yolo/utils) by extensions ['ignore', 'ignore_ament_install']
[1.101s] Level 1:colcon.colcon_core.package_identification:_identify(src/ROS2/yolo/utils) by extension 'ignore'
[1.101s] Level 1:colcon.colcon_core.package_identification:_identify(src/ROS2/yolo/utils) by extension 'ignore_ament_install'
[1.101s] Level 1:colcon.colcon_core.package_identification:_identify(src/ROS2/yolo/utils) by extensions ['colcon_pkg']
[1.101s] Level 1:colcon.colcon_core.package_identification:_identify(src/ROS2/yolo/utils) by extension 'colcon_pkg'
[1.101s] Level 1:colcon.colcon_core.package_identification:_identify(src/ROS2/yolo/utils) by extensions ['colcon_meta']
[1.101s] Level 1:colcon.colcon_core.package_identification:_identify(src/ROS2/yolo/utils) by extension 'colcon_meta'
[1.101s] Level 1:colcon.colcon_core.package_identification:_identify(src/ROS2/yolo/utils) by extensions ['ros']
[1.101s] Level 1:colcon.colcon_core.package_identification:_identify(src/ROS2/yolo/utils) by extension 'ros'
[1.101s] Level 1:colcon.colcon_core.package_identification:_identify(src/ROS2/yolo/utils) by extensions ['cmake', 'python']
[1.101s] Level 1:colcon.colcon_core.package_identification:_identify(src/ROS2/yolo/utils) by extension 'cmake'
[1.101s] Level 1:colcon.colcon_core.package_identification:_identify(src/ROS2/yolo/utils) by extension 'python'
[1.101s] Level 1:colcon.colcon_core.package_identification:_identify(src/ROS2/yolo/utils) by extensions ['python_setup_py']
[1.101s] Level 1:colcon.colcon_core.package_identification:_identify(src/ROS2/yolo/utils) by extension 'python_setup_py'
[1.101s] Level 1:colcon.colcon_core.package_identification:_identify(src/ROS2/yolo/utils/aws) by extensions ['ignore', 'ignore_ament_install']
[1.101s] Level 1:colcon.colcon_core.package_identification:_identify(src/ROS2/yolo/utils/aws) by extension 'ignore'
[1.101s] Level 1:colcon.colcon_core.package_identification:_identify(src/ROS2/yolo/utils/aws) by extension 'ignore_ament_install'
[1.101s] Level 1:colcon.colcon_core.package_identification:_identify(src/ROS2/yolo/utils/aws) by extensions ['colcon_pkg']
[1.101s] Level 1:colcon.colcon_core.package_identification:_identify(src/ROS2/yolo/utils/aws) by extension 'colcon_pkg'
[1.102s] Level 1:colcon.colcon_core.package_identification:_identify(src/ROS2/yolo/utils/aws) by extensions ['colcon_meta']
[1.102s] Level 1:colcon.colcon_core.package_identification:_identify(src/ROS2/yolo/utils/aws) by extension 'colcon_meta'
[1.102s] Level 1:colcon.colcon_core.package_identification:_identify(src/ROS2/yolo/utils/aws) by extensions ['ros']
[1.102s] Level 1:colcon.colcon_core.package_identification:_identify(src/ROS2/yolo/utils/aws) by extension 'ros'
[1.102s] Level 1:colcon.colcon_core.package_identification:_identify(src/ROS2/yolo/utils/aws) by extensions ['cmake', 'python']
[1.102s] Level 1:colcon.colcon_core.package_identification:_identify(src/ROS2/yolo/utils/aws) by extension 'cmake'
[1.102s] Level 1:colcon.colcon_core.package_identification:_identify(src/ROS2/yolo/utils/aws) by extension 'python'
[1.102s] Level 1:colcon.colcon_core.package_identification:_identify(src/ROS2/yolo/utils/aws) by extensions ['python_setup_py']
[1.102s] Level 1:colcon.colcon_core.package_identification:_identify(src/ROS2/yolo/utils/aws) by extension 'python_setup_py'
[1.102s] Level 1:colcon.colcon_core.package_identification:_identify(src/ROS2/yolo/utils/google_app_engine) by extensions ['ignore', 'ignore_ament_install']
[1.102s] Level 1:colcon.colcon_core.package_identification:_identify(src/ROS2/yolo/utils/google_app_engine) by extension 'ignore'
[1.102s] Level 1:colcon.colcon_core.package_identification:_identify(src/ROS2/yolo/utils/google_app_engine) by extension 'ignore_ament_install'
[1.102s] Level 1:colcon.colcon_core.package_identification:_identify(src/ROS2/yolo/utils/google_app_engine) by extensions ['colcon_pkg']
[1.102s] Level 1:colcon.colcon_core.package_identification:_identify(src/ROS2/yolo/utils/google_app_engine) by extension 'colcon_pkg'
[1.102s] Level 1:colcon.colcon_core.package_identification:_identify(src/ROS2/yolo/utils/google_app_engine) by extensions ['colcon_meta']
[1.102s] Level 1:colcon.colcon_core.package_identification:_identify(src/ROS2/yolo/utils/google_app_engine) by extension 'colcon_meta'
[1.102s] Level 1:colcon.colcon_core.package_identification:_identify(src/ROS2/yolo/utils/google_app_engine) by extensions ['ros']
[1.102s] Level 1:colcon.colcon_core.package_identification:_identify(src/ROS2/yolo/utils/google_app_engine) by extension 'ros'
[1.102s] Level 1:colcon.colcon_core.package_identification:_identify(src/ROS2/yolo/utils/google_app_engine) by extensions ['cmake', 'python']
[1.102s] Level 1:colcon.colcon_core.package_identification:_identify(src/ROS2/yolo/utils/google_app_engine) by extension 'cmake'
[1.102s] Level 1:colcon.colcon_core.package_identification:_identify(src/ROS2/yolo/utils/google_app_engine) by extension 'python'
[1.102s] Level 1:colcon.colcon_core.package_identification:_identify(src/ROS2/yolo/utils/google_app_engine) by extensions ['python_setup_py']
[1.102s] Level 1:colcon.colcon_core.package_identification:_identify(src/ROS2/yolo/utils/google_app_engine) by extension 'python_setup_py'
[1.102s] Level 1:colcon.colcon_core.package_identification:_identify(src/ROS2/yolo/utils/wandb_logging) by extensions ['ignore', 'ignore_ament_install']
[1.103s] Level 1:colcon.colcon_core.package_identification:_identify(src/ROS2/yolo/utils/wandb_logging) by extension 'ignore'
[1.103s] Level 1:colcon.colcon_core.package_identification:_identify(src/ROS2/yolo/utils/wandb_logging) by extension 'ignore_ament_install'
[1.103s] Level 1:colcon.colcon_core.package_identification:_identify(src/ROS2/yolo/utils/wandb_logging) by extensions ['colcon_pkg']
[1.103s] Level 1:colcon.colcon_core.package_identification:_identify(src/ROS2/yolo/utils/wandb_logging) by extension 'colcon_pkg'
[1.103s] Level 1:colcon.colcon_core.package_identification:_identify(src/ROS2/yolo/utils/wandb_logging) by extensions ['colcon_meta']
[1.103s] Level 1:colcon.colcon_core.package_identification:_identify(src/ROS2/yolo/utils/wandb_logging) by extension 'colcon_meta'
[1.103s] Level 1:colcon.colcon_core.package_identification:_identify(src/ROS2/yolo/utils/wandb_logging) by extensions ['ros']
[1.103s] Level 1:colcon.colcon_core.package_identification:_identify(src/ROS2/yolo/utils/wandb_logging) by extension 'ros'
[1.103s] Level 1:colcon.colcon_core.package_identification:_identify(src/ROS2/yolo/utils/wandb_logging) by extensions ['cmake', 'python']
[1.103s] Level 1:colcon.colcon_core.package_identification:_identify(src/ROS2/yolo/utils/wandb_logging) by extension 'cmake'
[1.103s] Level 1:colcon.colcon_core.package_identification:_identify(src/ROS2/yolo/utils/wandb_logging) by extension 'python'
[1.103s] Level 1:colcon.colcon_core.package_identification:_identify(src/ROS2/yolo/utils/wandb_logging) by extensions ['python_setup_py']
[1.103s] Level 1:colcon.colcon_core.package_identification:_identify(src/ROS2/yolo/utils/wandb_logging) by extension 'python_setup_py'
[1.103s] Level 1:colcon.colcon_core.package_discovery:discover_packages(recursive) using defaults
[1.103s] Level 1:colcon.colcon_core.package_discovery:discover_packages(ignore) discover
[1.103s] Level 1:colcon.colcon_core.package_discovery:discover_packages(ignore) using defaults
[1.103s] Level 1:colcon.colcon_core.package_discovery:discover_packages(path) discover
[1.103s] Level 1:colcon.colcon_core.package_discovery:discover_packages(path) using defaults
[1.203s] Level 1:colcon.colcon_core.package_discovery:discover_packages(prefix_path) check parameters
[1.203s] Level 1:colcon.colcon_core.package_discovery:discover_packages(prefix_path) discover
[1.239s] DEBUG:colcon.colcon_installed_package_information.package_discovery:Found 1 installed packages in /home/justin/ros2_ws/install
[1.254s] DEBUG:colcon.colcon_installed_package_information.package_discovery:Found 281 installed packages in /opt/ros/iron
[1.255s] Level 1:colcon.colcon_core.package_discovery:discover_packages(prefix_path) using defaults
[1.323s] INFO:colcon.colcon_core.executor:Executing jobs using 'parallel' executor
[1.337s] DEBUG:colcon.colcon_parallel_executor.executor.parallel:run_until_complete
[1.338s] DEBUG:colcon.colcon_parallel_executor.executor.parallel:closing loop
[1.338s] DEBUG:colcon.colcon_parallel_executor.executor.parallel:loop closed
[1.338s] DEBUG:colcon.colcon_parallel_executor.executor.parallel:run_until_complete finished with '0'
[1.338s] DEBUG:colcon.colcon_core.event_reactor:joining thread
[1.357s] INFO:colcon.colcon_core.plugin_system:Skipping extension 'colcon_notification.desktop_notification.notify_send': Could not find 'notify-send'
[1.357s] INFO:colcon.colcon_core.plugin_system:Skipping extension 'colcon_notification.desktop_notification.terminal_notifier': Not used on non-Darwin systems
[1.357s] INFO:colcon.colcon_core.plugin_system:Skipping extension 'colcon_notification.desktop_notification.win32': Not used on non-Windows systems
[1.357s] INFO:colcon.colcon_notification.desktop_notification:Sending desktop notification using 'notify2'
[1.376s] DEBUG:colcon.colcon_core.event_reactor:joined thread
[1.397s] INFO:colcon.colcon_core.plugin_system:Skipping extension 'colcon_core.shell.bat': Not used on non-Windows systems
[1.398s] INFO:colcon.colcon_core.shell:Creating prefix script '/home/justin/Documents/GitHub/rsla_Computer_Vision/install/local_setup.ps1'
[1.398s] INFO:colcon.colcon_core.shell:Creating prefix util module '/home/justin/Documents/GitHub/rsla_Computer_Vision/install/_local_setup_util_ps1.py'
[1.399s] INFO:colcon.colcon_core.shell:Creating prefix chain script '/home/justin/Documents/GitHub/rsla_Computer_Vision/install/setup.ps1'
[1.416s] INFO:colcon.colcon_core.shell:Creating prefix script '/home/justin/Documents/GitHub/rsla_Computer_Vision/install/local_setup.sh'
[1.416s] INFO:colcon.colcon_core.shell:Creating prefix util module '/home/justin/Documents/GitHub/rsla_Computer_Vision/install/_local_setup_util_sh.py'
[1.417s] INFO:colcon.colcon_core.shell:Creating prefix chain script '/home/justin/Documents/GitHub/rsla_Computer_Vision/install/setup.sh'
[1.433s] INFO:colcon.colcon_core.shell:Creating prefix script '/home/justin/Documents/GitHub/rsla_Computer_Vision/install/local_setup.bash'
[1.434s] INFO:colcon.colcon_core.shell:Creating prefix chain script '/home/justin/Documents/GitHub/rsla_Computer_Vision/install/setup.bash'
[1.450s] INFO:colcon.colcon_core.shell:Creating prefix script '/home/justin/Documents/GitHub/rsla_Computer_Vision/install/local_setup.zsh'
[1.451s] INFO:colcon.colcon_core.shell:Creating prefix chain script '/home/justin/Documents/GitHub/rsla_Computer_Vision/install/setup.zsh'
