[1.545s] DEBUG:colcon:Command line arguments: ['/usr/bin/colcon', 'list', '-p', '--base-paths', '/home/justin/Documents/GitHub/rsla_Computer_Vision']
[1.545s] DEBUG:colcon:Parsed command line arguments: Namespace(log_base=None, log_level=None, verb_name='list', build_base='build', ignore_user_meta=False, metas=['./colcon.meta'], base_paths=['/home/justin/Documents/GitHub/rsla_Computer_Vision'], packages_ignore=None, packages_ignore_regex=None, paths=None, packages_up_to=None, packages_up_to_regex=None, packages_above=None, packages_above_and_dependencies=None, packages_above_depth=None, packages_select_by_dep=None, packages_skip_by_dep=None, packages_skip_up_to=None, packages_select_build_failed=False, packages_skip_build_finished=False, packages_select_test_failures=False, packages_skip_test_passed=False, packages_select=None, packages_skip=None, packages_select_regex=None, packages_skip_regex=None, packages_start=None, packages_end=None, allow_overriding=[], topological_order=False, names_only=False, paths_only=True, topological_graph=False, topological_graph_dot=False, topological_graph_density=False, topological_graph_legend=False, topological_graph_dot_cluster=False, topological_graph_dot_include_skipped=False, verb_parser=<colcon_defaults.argument_parser.defaults.DefaultArgumentsDecorator object at 0x705be24e64a0>, verb_extension=<colcon_package_information.verb.list.ListVerb object at 0x705be2483610>, main=<bound method ListVerb.main of <colcon_package_information.verb.list.ListVerb object at 0x705be2483610>>)
[1.610s] Level 1:colcon.colcon_core.package_discovery:discover_packages(colcon_meta) check parameters
[1.610s] Level 1:colcon.colcon_core.package_discovery:discover_packages(recursive) check parameters
[1.610s] Level 1:colcon.colcon_core.package_discovery:discover_packages(ignore) check parameters
[1.610s] Level 1:colcon.colcon_core.package_discovery:discover_packages(path) check parameters
[1.610s] Level 1:colcon.colcon_core.package_discovery:discover_packages(recursive) discover
[1.610s] INFO:colcon.colcon_core.package_discovery:Crawling recursively for packages in '/home/justin/Documents/GitHub/rsla_Computer_Vision'
[1.610s] Level 1:colcon.colcon_core.package_identification:_identify(/home/justin/Documents/GitHub/rsla_Computer_Vision) by extensions ['ignore', 'ignore_ament_install']
[1.610s] Level 1:colcon.colcon_core.package_identification:_identify(/home/justin/Documents/GitHub/rsla_Computer_Vision) by extension 'ignore'
[1.610s] Level 1:colcon.colcon_core.package_identification:_identify(/home/justin/Documents/GitHub/rsla_Computer_Vision) by extension 'ignore_ament_install'
[1.610s] Level 1:colcon.colcon_core.package_identification:_identify(/home/justin/Documents/GitHub/rsla_Computer_Vision) by extensions ['colcon_pkg']
[1.610s] Level 1:colcon.colcon_core.package_identification:_identify(/home/justin/Documents/GitHub/rsla_Computer_Vision) by extension 'colcon_pkg'
[1.610s] Level 1:colcon.colcon_core.package_identification:_identify(/home/justin/Documents/GitHub/rsla_Computer_Vision) by extensions ['colcon_meta']
[1.610s] Level 1:colcon.colcon_core.package_identification:_identify(/home/justin/Documents/GitHub/rsla_Computer_Vision) by extension 'colcon_meta'
[1.610s] Level 1:colcon.colcon_core.package_identification:_identify(/home/justin/Documents/GitHub/rsla_Computer_Vision) by extensions ['ros']
[1.610s] Level 1:colcon.colcon_core.package_identification:_identify(/home/justin/Documents/GitHub/rsla_Computer_Vision) by extension 'ros'
[1.631s] Level 1:colcon.colcon_core.package_identification:_identify(/home/justin/Documents/GitHub/rsla_Computer_Vision) by extensions ['cmake', 'python']
[1.631s] Level 1:colcon.colcon_core.package_identification:_identify(/home/justin/Documents/GitHub/rsla_Computer_Vision) by extension 'cmake'
[1.631s] Level 1:colcon.colcon_core.package_identification:_identify(/home/justin/Documents/GitHub/rsla_Computer_Vision) by extension 'python'
[1.632s] Level 1:colcon.colcon_core.package_identification:_identify(/home/justin/Documents/GitHub/rsla_Computer_Vision) by extensions ['python_setup_py']
[1.632s] Level 1:colcon.colcon_core.package_identification:_identify(/home/justin/Documents/GitHub/rsla_Computer_Vision) by extension 'python_setup_py'
[1.632s] Level 1:colcon.colcon_core.package_identification:_identify(/home/justin/Documents/GitHub/rsla_Computer_Vision/build) by extensions ['ignore', 'ignore_ament_install']
[1.632s] Level 1:colcon.colcon_core.package_identification:_identify(/home/justin/Documents/GitHub/rsla_Computer_Vision/build) by extension 'ignore'
[1.632s] Level 1:colcon.colcon_core.package_identification:_identify(/home/justin/Documents/GitHub/rsla_Computer_Vision/build) ignored
[1.632s] Level 1:colcon.colcon_core.package_identification:_identify(/home/justin/Documents/GitHub/rsla_Computer_Vision/install) by extensions ['ignore', 'ignore_ament_install']
[1.633s] Level 1:colcon.colcon_core.package_identification:_identify(/home/justin/Documents/GitHub/rsla_Computer_Vision/install) by extension 'ignore'
[1.633s] Level 1:colcon.colcon_core.package_identification:_identify(/home/justin/Documents/GitHub/rsla_Computer_Vision/install) ignored
[1.633s] Level 1:colcon.colcon_core.package_identification:_identify(/home/justin/Documents/GitHub/rsla_Computer_Vision/log) by extensions ['ignore', 'ignore_ament_install']
[1.633s] Level 1:colcon.colcon_core.package_identification:_identify(/home/justin/Documents/GitHub/rsla_Computer_Vision/log) by extension 'ignore'
[1.633s] Level 1:colcon.colcon_core.package_identification:_identify(/home/justin/Documents/GitHub/rsla_Computer_Vision/log) ignored
[1.633s] Level 1:colcon.colcon_core.package_identification:_identify(/home/justin/Documents/GitHub/rsla_Computer_Vision/src) by extensions ['ignore', 'ignore_ament_install']
[1.633s] Level 1:colcon.colcon_core.package_identification:_identify(/home/justin/Documents/GitHub/rsla_Computer_Vision/src) by extension 'ignore'
[1.633s] Level 1:colcon.colcon_core.package_identification:_identify(/home/justin/Documents/GitHub/rsla_Computer_Vision/src) by extension 'ignore_ament_install'
[1.634s] Level 1:colcon.colcon_core.package_identification:_identify(/home/justin/Documents/GitHub/rsla_Computer_Vision/src) by extensions ['colcon_pkg']
[1.634s] Level 1:colcon.colcon_core.package_identification:_identify(/home/justin/Documents/GitHub/rsla_Computer_Vision/src) by extension 'colcon_pkg'
[1.634s] Level 1:colcon.colcon_core.package_identification:_identify(/home/justin/Documents/GitHub/rsla_Computer_Vision/src) by extensions ['colcon_meta']
[1.634s] Level 1:colcon.colcon_core.package_identification:_identify(/home/justin/Documents/GitHub/rsla_Computer_Vision/src) by extension 'colcon_meta'
[1.634s] Level 1:colcon.colcon_core.package_identification:_identify(/home/justin/Documents/GitHub/rsla_Computer_Vision/src) by extensions ['ros']
[1.634s] Level 1:colcon.colcon_core.package_identification:_identify(/home/justin/Documents/GitHub/rsla_Computer_Vision/src) by extension 'ros'
[1.634s] Level 1:colcon.colcon_core.package_identification:_identify(/home/justin/Documents/GitHub/rsla_Computer_Vision/src) by extensions ['cmake', 'python']
[1.634s] Level 1:colcon.colcon_core.package_identification:_identify(/home/justin/Documents/GitHub/rsla_Computer_Vision/src) by extension 'cmake'
[1.634s] Level 1:colcon.colcon_core.package_identification:_identify(/home/justin/Documents/GitHub/rsla_Computer_Vision/src) by extension 'python'
[1.634s] Level 1:colcon.colcon_core.package_identification:_identify(/home/justin/Documents/GitHub/rsla_Computer_Vision/src) by extensions ['python_setup_py']
[1.634s] Level 1:colcon.colcon_core.package_identification:_identify(/home/justin/Documents/GitHub/rsla_Computer_Vision/src) by extension 'python_setup_py'
[1.635s] Level 1:colcon.colcon_core.package_identification:_identify(/home/justin/Documents/GitHub/rsla_Computer_Vision/src/cv) by extensions ['ignore', 'ignore_ament_install']
[1.635s] Level 1:colcon.colcon_core.package_identification:_identify(/home/justin/Documents/GitHub/rsla_Computer_Vision/src/cv) by extension 'ignore'
[1.635s] Level 1:colcon.colcon_core.package_identification:_identify(/home/justin/Documents/GitHub/rsla_Computer_Vision/src/cv) by extension 'ignore_ament_install'
[1.635s] Level 1:colcon.colcon_core.package_identification:_identify(/home/justin/Documents/GitHub/rsla_Computer_Vision/src/cv) by extensions ['colcon_pkg']
[1.635s] Level 1:colcon.colcon_core.package_identification:_identify(/home/justin/Documents/GitHub/rsla_Computer_Vision/src/cv) by extension 'colcon_pkg'
[1.635s] Level 1:colcon.colcon_core.package_identification:_identify(/home/justin/Documents/GitHub/rsla_Computer_Vision/src/cv) by extensions ['colcon_meta']
[1.635s] Level 1:colcon.colcon_core.package_identification:_identify(/home/justin/Documents/GitHub/rsla_Computer_Vision/src/cv) by extension 'colcon_meta'
[1.635s] Level 1:colcon.colcon_core.package_identification:_identify(/home/justin/Documents/GitHub/rsla_Computer_Vision/src/cv) by extensions ['ros']
[1.635s] Level 1:colcon.colcon_core.package_identification:_identify(/home/justin/Documents/GitHub/rsla_Computer_Vision/src/cv) by extension 'ros'
[1.642s] DEBUG:colcon.colcon_core.package_identification:Package '/home/justin/Documents/GitHub/rsla_Computer_Vision/src/cv' with type 'ros.ament_python' and name 'cv'
[1.642s] Level 1:colcon.colcon_core.package_discovery:discover_packages(recursive) using defaults
