running egg_info
creating ../../build/cv/cv.egg-info
writing ../../build/cv/cv.egg-info/PKG-INFO
writing dependency_links to ../../build/cv/cv.egg-info/dependency_links.txt
writing entry points to ../../build/cv/cv.egg-info/entry_points.txt
writing requirements to ../../build/cv/cv.egg-info/requires.txt
writing top-level names to ../../build/cv/cv.egg-info/top_level.txt
writing manifest file '../../build/cv/cv.egg-info/SOURCES.txt'
reading manifest file '../../build/cv/cv.egg-info/SOURCES.txt'
writing manifest file '../../build/cv/cv.egg-info/SOURCES.txt'
running build
running build_py
creating /home/justin/Documents/GitHub/rsla_Computer_Vision/build/cv/build
creating /home/justin/Documents/GitHub/rsla_Computer_Vision/build/cv/build/lib
creating /home/justin/Documents/GitHub/rsla_Computer_Vision/build/cv/build/lib/cv
copying cv/__init__.py -> /home/justin/Documents/GitHub/rsla_Computer_Vision/build/cv/build/lib/cv
running install
running install_lib
creating /home/justin/Documents/GitHub/rsla_Computer_Vision/install/cv/lib/python3.10/site-packages/cv
copying /home/justin/Documents/GitHub/rsla_Computer_Vision/build/cv/build/lib/cv/__init__.py -> /home/justin/Documents/GitHub/rsla_Computer_Vision/install/cv/lib/python3.10/site-packages/cv
byte-compiling /home/justin/Documents/GitHub/rsla_Computer_Vision/install/cv/lib/python3.10/site-packages/cv/__init__.py to __init__.cpython-310.pyc
running install_data
creating /home/justin/Documents/GitHub/rsla_Computer_Vision/install/cv/share/ament_index
creating /home/justin/Documents/GitHub/rsla_Computer_Vision/install/cv/share/ament_index/resource_index
creating /home/justin/Documents/GitHub/rsla_Computer_Vision/install/cv/share/ament_index/resource_index/packages
copying resource/cv -> /home/justin/Documents/GitHub/rsla_Computer_Vision/install/cv/share/ament_index/resource_index/packages
copying package.xml -> /home/justin/Documents/GitHub/rsla_Computer_Vision/install/cv/share/cv
running install_egg_info
Copying ../../build/cv/cv.egg-info to /home/justin/Documents/GitHub/rsla_Computer_Vision/install/cv/lib/python3.10/site-packages/cv-0.0.0-py3.10.egg-info
running install_scripts
writing list of installed files to '/home/justin/Documents/GitHub/rsla_Computer_Vision/build/cv/install.log'
