[0.676s] Invoking command in '/home/justin/Documents/GitHub/rsla_Computer_Vision/src/cv': CONDA_PROMPT_MODIFIER=(base) PYTHONPATH=/home/justin/Documents/GitHub/rsla_Computer_Vision/build/cv/prefix_override:/home/justin/Documents/GitHub/rsla_Computer_Vision/install/cv/lib/python3.10/site-packages:${PYTHONPATH} /usr/bin/python3 setup.py egg_info --egg-base ../../build/cv build --build-base /home/justin/Documents/GitHub/rsla_Computer_Vision/build/cv/build install --record /home/justin/Documents/GitHub/rsla_Computer_Vision/build/cv/install.log --single-version-externally-managed
[0.901s] running egg_info
[0.901s] creating ../../build/cv/cv.egg-info
[0.902s] writing ../../build/cv/cv.egg-info/PKG-INFO
[0.902s] writing dependency_links to ../../build/cv/cv.egg-info/dependency_links.txt
[0.902s] writing entry points to ../../build/cv/cv.egg-info/entry_points.txt
[0.902s] writing requirements to ../../build/cv/cv.egg-info/requires.txt
[0.903s] writing top-level names to ../../build/cv/cv.egg-info/top_level.txt
[0.903s] writing manifest file '../../build/cv/cv.egg-info/SOURCES.txt'
[0.904s] reading manifest file '../../build/cv/cv.egg-info/SOURCES.txt'
[0.904s] writing manifest file '../../build/cv/cv.egg-info/SOURCES.txt'
[0.904s] running build
[0.904s] running build_py
[0.905s] creating /home/justin/Documents/GitHub/rsla_Computer_Vision/build/cv/build
[0.905s] creating /home/justin/Documents/GitHub/rsla_Computer_Vision/build/cv/build/lib
[0.905s] creating /home/justin/Documents/GitHub/rsla_Computer_Vision/build/cv/build/lib/cv
[0.905s] copying cv/__init__.py -> /home/justin/Documents/GitHub/rsla_Computer_Vision/build/cv/build/lib/cv
[0.905s] running install
[0.905s] /usr/lib/python3/dist-packages/setuptools/command/install.py:34: SetuptoolsDeprecationWarning: setup.py install is deprecated. Use build and pip and other standards-based tools.
[0.905s]   warnings.warn(
[0.905s] running install_lib
[0.906s] creating /home/justin/Documents/GitHub/rsla_Computer_Vision/install/cv/lib/python3.10/site-packages/cv
[0.906s] copying /home/justin/Documents/GitHub/rsla_Computer_Vision/build/cv/build/lib/cv/__init__.py -> /home/justin/Documents/GitHub/rsla_Computer_Vision/install/cv/lib/python3.10/site-packages/cv
[0.906s] byte-compiling /home/justin/Documents/GitHub/rsla_Computer_Vision/install/cv/lib/python3.10/site-packages/cv/__init__.py to __init__.cpython-310.pyc
[0.906s] running install_data
[0.907s] creating /home/justin/Documents/GitHub/rsla_Computer_Vision/install/cv/share/ament_index
[0.907s] creating /home/justin/Documents/GitHub/rsla_Computer_Vision/install/cv/share/ament_index/resource_index
[0.907s] creating /home/justin/Documents/GitHub/rsla_Computer_Vision/install/cv/share/ament_index/resource_index/packages
[0.907s] copying resource/cv -> /home/justin/Documents/GitHub/rsla_Computer_Vision/install/cv/share/ament_index/resource_index/packages
[0.907s] copying package.xml -> /home/justin/Documents/GitHub/rsla_Computer_Vision/install/cv/share/cv
[0.907s] running install_egg_info
[0.908s] Copying ../../build/cv/cv.egg-info to /home/justin/Documents/GitHub/rsla_Computer_Vision/install/cv/lib/python3.10/site-packages/cv-0.0.0-py3.10.egg-info
[0.909s] running install_scripts
[0.924s] writing list of installed files to '/home/justin/Documents/GitHub/rsla_Computer_Vision/build/cv/install.log'
[0.940s] Invoked command in '/home/justin/Documents/GitHub/rsla_Computer_Vision/src/cv' returned '0': CONDA_PROMPT_MODIFIER=(base) PYTHONPATH=/home/justin/Documents/GitHub/rsla_Computer_Vision/build/cv/prefix_override:/home/justin/Documents/GitHub/rsla_Computer_Vision/install/cv/lib/python3.10/site-packages:${PYTHONPATH} /usr/bin/python3 setup.py egg_info --egg-base ../../build/cv build --build-base /home/justin/Documents/GitHub/rsla_Computer_Vision/build/cv/build install --record /home/justin/Documents/GitHub/rsla_Computer_Vision/build/cv/install.log --single-version-externally-managed
