/home/justin/Documents/GitHub/rsla_Computer_Vision/install/ros2_cv/lib/python3.10/site-packages/ros2_cv/train.py
/home/justin/Documents/GitHub/rsla_Computer_Vision/install/ros2_cv/lib/python3.10/site-packages/ros2_cv/train_aux.py
/home/justin/Documents/GitHub/rsla_Computer_Vision/install/ros2_cv/lib/python3.10/site-packages/ros2_cv/__init__.py
/home/justin/Documents/GitHub/rsla_Computer_Vision/install/ros2_cv/lib/python3.10/site-packages/ros2_cv/test.py
/home/justin/Documents/GitHub/rsla_Computer_Vision/install/ros2_cv/lib/python3.10/site-packages/ros2_cv/hubconf.py
/home/justin/Documents/GitHub/rsla_Computer_Vision/install/ros2_cv/lib/python3.10/site-packages/ros2_cv/detect.py
/home/justin/Documents/GitHub/rsla_Computer_Vision/install/ros2_cv/lib/python3.10/site-packages/ros2_cv/export.py
/home/justin/Documents/GitHub/rsla_Computer_Vision/install/ros2_cv/lib/python3.10/site-packages/ros2_cv/utils/loss.py
/home/justin/Documents/GitHub/rsla_Computer_Vision/install/ros2_cv/lib/python3.10/site-packages/ros2_cv/utils/ros.py
/home/justin/Documents/GitHub/rsla_Computer_Vision/install/ros2_cv/lib/python3.10/site-packages/ros2_cv/utils/__init__.py
/home/justin/Documents/GitHub/rsla_Computer_Vision/install/ros2_cv/lib/python3.10/site-packages/ros2_cv/utils/metrics.py
/home/justin/Documents/GitHub/rsla_Computer_Vision/install/ros2_cv/lib/python3.10/site-packages/ros2_cv/utils/google_utils.py
/home/justin/Documents/GitHub/rsla_Computer_Vision/install/ros2_cv/lib/python3.10/site-packages/ros2_cv/utils/autoanchor.py
/home/justin/Documents/GitHub/rsla_Computer_Vision/install/ros2_cv/lib/python3.10/site-packages/ros2_cv/utils/add_nms.py
/home/justin/Documents/GitHub/rsla_Computer_Vision/install/ros2_cv/lib/python3.10/site-packages/ros2_cv/utils/datasets.py
/home/justin/Documents/GitHub/rsla_Computer_Vision/install/ros2_cv/lib/python3.10/site-packages/ros2_cv/utils/plots.py
/home/justin/Documents/GitHub/rsla_Computer_Vision/install/ros2_cv/lib/python3.10/site-packages/ros2_cv/utils/activations.py
/home/justin/Documents/GitHub/rsla_Computer_Vision/install/ros2_cv/lib/python3.10/site-packages/ros2_cv/utils/general.py
/home/justin/Documents/GitHub/rsla_Computer_Vision/install/ros2_cv/lib/python3.10/site-packages/ros2_cv/utils/torch_utils.py
/home/justin/Documents/GitHub/rsla_Computer_Vision/install/ros2_cv/lib/python3.10/site-packages/ros2_cv/models/yolo.py
/home/justin/Documents/GitHub/rsla_Computer_Vision/install/ros2_cv/lib/python3.10/site-packages/ros2_cv/models/__init__.py
/home/justin/Documents/GitHub/rsla_Computer_Vision/install/ros2_cv/lib/python3.10/site-packages/ros2_cv/models/common.py
/home/justin/Documents/GitHub/rsla_Computer_Vision/install/ros2_cv/lib/python3.10/site-packages/ros2_cv/models/experimental.py
/home/justin/Documents/GitHub/rsla_Computer_Vision/install/ros2_cv/lib/python3.10/site-packages/ros2_cv/utils/wandb_logging/__init__.py
/home/justin/Documents/GitHub/rsla_Computer_Vision/install/ros2_cv/lib/python3.10/site-packages/ros2_cv/utils/wandb_logging/wandb_utils.py
/home/justin/Documents/GitHub/rsla_Computer_Vision/install/ros2_cv/lib/python3.10/site-packages/ros2_cv/utils/wandb_logging/log_dataset.py
/home/justin/Documents/GitHub/rsla_Computer_Vision/install/ros2_cv/lib/python3.10/site-packages/ros2_cv/utils/aws/__init__.py
/home/justin/Documents/GitHub/rsla_Computer_Vision/install/ros2_cv/lib/python3.10/site-packages/ros2_cv/utils/aws/resume.py
/home/justin/Documents/GitHub/rsla_Computer_Vision/install/ros2_cv/lib/python3.10/site-packages/ros2_cv/__pycache__/train.cpython-310.pyc
/home/justin/Documents/GitHub/rsla_Computer_Vision/install/ros2_cv/lib/python3.10/site-packages/ros2_cv/__pycache__/train_aux.cpython-310.pyc
/home/justin/Documents/GitHub/rsla_Computer_Vision/install/ros2_cv/lib/python3.10/site-packages/ros2_cv/__pycache__/__init__.cpython-310.pyc
/home/justin/Documents/GitHub/rsla_Computer_Vision/install/ros2_cv/lib/python3.10/site-packages/ros2_cv/__pycache__/test.cpython-310.pyc
/home/justin/Documents/GitHub/rsla_Computer_Vision/install/ros2_cv/lib/python3.10/site-packages/ros2_cv/__pycache__/hubconf.cpython-310.pyc
/home/justin/Documents/GitHub/rsla_Computer_Vision/install/ros2_cv/lib/python3.10/site-packages/ros2_cv/__pycache__/detect.cpython-310.pyc
/home/justin/Documents/GitHub/rsla_Computer_Vision/install/ros2_cv/lib/python3.10/site-packages/ros2_cv/__pycache__/export.cpython-310.pyc
/home/justin/Documents/GitHub/rsla_Computer_Vision/install/ros2_cv/lib/python3.10/site-packages/ros2_cv/utils/__pycache__/loss.cpython-310.pyc
/home/justin/Documents/GitHub/rsla_Computer_Vision/install/ros2_cv/lib/python3.10/site-packages/ros2_cv/utils/__pycache__/ros.cpython-310.pyc
/home/justin/Documents/GitHub/rsla_Computer_Vision/install/ros2_cv/lib/python3.10/site-packages/ros2_cv/utils/__pycache__/__init__.cpython-310.pyc
/home/justin/Documents/GitHub/rsla_Computer_Vision/install/ros2_cv/lib/python3.10/site-packages/ros2_cv/utils/__pycache__/metrics.cpython-310.pyc
/home/justin/Documents/GitHub/rsla_Computer_Vision/install/ros2_cv/lib/python3.10/site-packages/ros2_cv/utils/__pycache__/google_utils.cpython-310.pyc
/home/justin/Documents/GitHub/rsla_Computer_Vision/install/ros2_cv/lib/python3.10/site-packages/ros2_cv/utils/__pycache__/autoanchor.cpython-310.pyc
/home/justin/Documents/GitHub/rsla_Computer_Vision/install/ros2_cv/lib/python3.10/site-packages/ros2_cv/utils/__pycache__/add_nms.cpython-310.pyc
/home/justin/Documents/GitHub/rsla_Computer_Vision/install/ros2_cv/lib/python3.10/site-packages/ros2_cv/utils/__pycache__/datasets.cpython-310.pyc
/home/justin/Documents/GitHub/rsla_Computer_Vision/install/ros2_cv/lib/python3.10/site-packages/ros2_cv/utils/__pycache__/plots.cpython-310.pyc
/home/justin/Documents/GitHub/rsla_Computer_Vision/install/ros2_cv/lib/python3.10/site-packages/ros2_cv/utils/__pycache__/activations.cpython-310.pyc
/home/justin/Documents/GitHub/rsla_Computer_Vision/install/ros2_cv/lib/python3.10/site-packages/ros2_cv/utils/__pycache__/general.cpython-310.pyc
/home/justin/Documents/GitHub/rsla_Computer_Vision/install/ros2_cv/lib/python3.10/site-packages/ros2_cv/utils/__pycache__/torch_utils.cpython-310.pyc
/home/justin/Documents/GitHub/rsla_Computer_Vision/install/ros2_cv/lib/python3.10/site-packages/ros2_cv/models/__pycache__/yolo.cpython-310.pyc
/home/justin/Documents/GitHub/rsla_Computer_Vision/install/ros2_cv/lib/python3.10/site-packages/ros2_cv/models/__pycache__/__init__.cpython-310.pyc
/home/justin/Documents/GitHub/rsla_Computer_Vision/install/ros2_cv/lib/python3.10/site-packages/ros2_cv/models/__pycache__/common.cpython-310.pyc
/home/justin/Documents/GitHub/rsla_Computer_Vision/install/ros2_cv/lib/python3.10/site-packages/ros2_cv/models/__pycache__/experimental.cpython-310.pyc
/home/justin/Documents/GitHub/rsla_Computer_Vision/install/ros2_cv/lib/python3.10/site-packages/ros2_cv/utils/wandb_logging/__pycache__/__init__.cpython-310.pyc
/home/justin/Documents/GitHub/rsla_Computer_Vision/install/ros2_cv/lib/python3.10/site-packages/ros2_cv/utils/wandb_logging/__pycache__/wandb_utils.cpython-310.pyc
/home/justin/Documents/GitHub/rsla_Computer_Vision/install/ros2_cv/lib/python3.10/site-packages/ros2_cv/utils/wandb_logging/__pycache__/log_dataset.cpython-310.pyc
/home/justin/Documents/GitHub/rsla_Computer_Vision/install/ros2_cv/lib/python3.10/site-packages/ros2_cv/utils/aws/__pycache__/__init__.cpython-310.pyc
/home/justin/Documents/GitHub/rsla_Computer_Vision/install/ros2_cv/lib/python3.10/site-packages/ros2_cv/utils/aws/__pycache__/resume.cpython-310.pyc
/home/justin/Documents/GitHub/rsla_Computer_Vision/install/ros2_cv/share/ament_index/resource_index/packages/ros2_cv
/home/justin/Documents/GitHub/rsla_Computer_Vision/install/ros2_cv/share/ros2_cv/package.xml
/home/justin/Documents/GitHub/rsla_Computer_Vision/install/ros2_cv/lib/python3.10/site-packages/ros2_cv-0.0.0-py3.10.egg-info/entry_points.txt
/home/justin/Documents/GitHub/rsla_Computer_Vision/install/ros2_cv/lib/python3.10/site-packages/ros2_cv-0.0.0-py3.10.egg-info/PKG-INFO
/home/justin/Documents/GitHub/rsla_Computer_Vision/install/ros2_cv/lib/python3.10/site-packages/ros2_cv-0.0.0-py3.10.egg-info/zip-safe
/home/justin/Documents/GitHub/rsla_Computer_Vision/install/ros2_cv/lib/python3.10/site-packages/ros2_cv-0.0.0-py3.10.egg-info/dependency_links.txt
/home/justin/Documents/GitHub/rsla_Computer_Vision/install/ros2_cv/lib/python3.10/site-packages/ros2_cv-0.0.0-py3.10.egg-info/requires.txt
/home/justin/Documents/GitHub/rsla_Computer_Vision/install/ros2_cv/lib/python3.10/site-packages/ros2_cv-0.0.0-py3.10.egg-info/top_level.txt
/home/justin/Documents/GitHub/rsla_Computer_Vision/install/ros2_cv/lib/python3.10/site-packages/ros2_cv-0.0.0-py3.10.egg-info/SOURCES.txt
