/home/justin/ros2Yolo/install/object_detection/lib/python3.10/site-packages/object_detection/object_detection.py
/home/justin/ros2Yolo/install/object_detection/lib/python3.10/site-packages/object_detection/__init__.py
/home/justin/ros2Yolo/install/object_detection/lib/python3.10/site-packages/object_detection/__pycache__/object_detection.cpython-310.pyc
/home/justin/ros2Yolo/install/object_detection/lib/python3.10/site-packages/object_detection/__pycache__/__init__.cpython-310.pyc
/home/justin/ros2Yolo/install/object_detection/share/ament_index/resource_index/packages/object_detection
/home/justin/ros2Yolo/install/object_detection/share/object_detection/package.xml
/home/justin/ros2Yolo/install/object_detection/share/object_detection/object_detection.launch.xml
/home/justin/ros2Yolo/install/object_detection/lib/object_detection/models/experimental.py
/home/justin/ros2Yolo/install/object_detection/lib/object_detection/models/common.py
/home/justin/ros2Yolo/install/object_detection/lib/object_detection/models/yolo.py
/home/justin/ros2Yolo/install/object_detection/lib/object_detection/utils/general.py
/home/justin/ros2Yolo/install/object_detection/lib/object_detection/utils/torch_utils.py
/home/justin/ros2Yolo/install/object_detection/lib/object_detection/utils/plots.py
/home/justin/ros2Yolo/install/object_detection/lib/object_detection/utils/datasets.py
/home/justin/ros2Yolo/install/object_detection/lib/object_detection/utils/google_utils.py
/home/justin/ros2Yolo/install/object_detection/lib/object_detection/utils/activations.py
/home/justin/ros2Yolo/install/object_detection/lib/object_detection/utils/add_nms.py
/home/justin/ros2Yolo/install/object_detection/lib/object_detection/utils/autoanchor.py
/home/justin/ros2Yolo/install/object_detection/lib/object_detection/utils/loss.py
/home/justin/ros2Yolo/install/object_detection/lib/object_detection/utils/metrics.py
/home/justin/ros2Yolo/install/object_detection/lib/python3.10/site-packages/object_detection-0.0.0-py3.10.egg-info/entry_points.txt
/home/justin/ros2Yolo/install/object_detection/lib/python3.10/site-packages/object_detection-0.0.0-py3.10.egg-info/PKG-INFO
/home/justin/ros2Yolo/install/object_detection/lib/python3.10/site-packages/object_detection-0.0.0-py3.10.egg-info/zip-safe
/home/justin/ros2Yolo/install/object_detection/lib/python3.10/site-packages/object_detection-0.0.0-py3.10.egg-info/dependency_links.txt
/home/justin/ros2Yolo/install/object_detection/lib/python3.10/site-packages/object_detection-0.0.0-py3.10.egg-info/requires.txt
/home/justin/ros2Yolo/install/object_detection/lib/python3.10/site-packages/object_detection-0.0.0-py3.10.egg-info/top_level.txt
/home/justin/ros2Yolo/install/object_detection/lib/python3.10/site-packages/object_detection-0.0.0-py3.10.egg-info/SOURCES.txt
/home/justin/ros2Yolo/install/object_detection/lib/object_detection/object_detection
