[0.715s] Invoking command in '/home/justin/Documents/GitHub/rsla_Computer_Vision/src': CONDA_PROMPT_MODIFIER=(base) PYTHONPATH=/home/justin/Documents/GitHub/rsla_Computer_Vision/build/ros2_cv/prefix_override:/home/justin/Documents/GitHub/rsla_Computer_Vision/install/ros2_cv/lib/python3.10/site-packages:${PYTHONPATH} /usr/bin/python3 setup.py egg_info --egg-base ../build/ros2_cv build --build-base /home/justin/Documents/GitHub/rsla_Computer_Vision/build/ros2_cv/build install --record /home/justin/Documents/GitHub/rsla_Computer_Vision/build/ros2_cv/install.log --single-version-externally-managed
[0.949s] running egg_info
[0.950s] creating ../build/ros2_cv/ros2_cv.egg-info
[0.950s] writing ../build/ros2_cv/ros2_cv.egg-info/PKG-INFO
[0.950s] writing dependency_links to ../build/ros2_cv/ros2_cv.egg-info/dependency_links.txt
[0.950s] writing entry points to ../build/ros2_cv/ros2_cv.egg-info/entry_points.txt
[0.951s] writing requirements to ../build/ros2_cv/ros2_cv.egg-info/requires.txt
[0.951s] writing top-level names to ../build/ros2_cv/ros2_cv.egg-info/top_level.txt
[0.951s] writing manifest file '../build/ros2_cv/ros2_cv.egg-info/SOURCES.txt'
[0.952s] reading manifest file '../build/ros2_cv/ros2_cv.egg-info/SOURCES.txt'
[0.953s] writing manifest file '../build/ros2_cv/ros2_cv.egg-info/SOURCES.txt'
[0.953s] running build
[0.953s] running build_py
[0.953s] creating /home/justin/Documents/GitHub/rsla_Computer_Vision/build/ros2_cv/build
[0.953s] creating /home/justin/Documents/GitHub/rsla_Computer_Vision/build/ros2_cv/build/lib
[0.953s] creating /home/justin/Documents/GitHub/rsla_Computer_Vision/build/ros2_cv/build/lib/cv
[0.954s] copying cv/__init__.py -> /home/justin/Documents/GitHub/rsla_Computer_Vision/build/ros2_cv/build/lib/cv
[0.954s] copying cv/cv.py -> /home/justin/Documents/GitHub/rsla_Computer_Vision/build/ros2_cv/build/lib/cv
[0.954s] creating /home/justin/Documents/GitHub/rsla_Computer_Vision/build/ros2_cv/build/lib/models
[0.954s] copying models/yolo.py -> /home/justin/Documents/GitHub/rsla_Computer_Vision/build/ros2_cv/build/lib/models
[0.954s] copying models/__init__.py -> /home/justin/Documents/GitHub/rsla_Computer_Vision/build/ros2_cv/build/lib/models
[0.954s] copying models/common.py -> /home/justin/Documents/GitHub/rsla_Computer_Vision/build/ros2_cv/build/lib/models
[0.954s] copying models/experimental.py -> /home/justin/Documents/GitHub/rsla_Computer_Vision/build/ros2_cv/build/lib/models
[0.954s] running install
[0.954s] /usr/lib/python3/dist-packages/setuptools/command/install.py:34: SetuptoolsDeprecationWarning: setup.py install is deprecated. Use build and pip and other standards-based tools.
[0.955s]   warnings.warn(
[0.955s] running install_lib
[0.955s] creating /home/justin/Documents/GitHub/rsla_Computer_Vision/install/ros2_cv/lib/python3.10/site-packages/cv
[0.955s] copying /home/justin/Documents/GitHub/rsla_Computer_Vision/build/ros2_cv/build/lib/cv/__init__.py -> /home/justin/Documents/GitHub/rsla_Computer_Vision/install/ros2_cv/lib/python3.10/site-packages/cv
[0.956s] copying /home/justin/Documents/GitHub/rsla_Computer_Vision/build/ros2_cv/build/lib/cv/cv.py -> /home/justin/Documents/GitHub/rsla_Computer_Vision/install/ros2_cv/lib/python3.10/site-packages/cv
[0.956s] creating /home/justin/Documents/GitHub/rsla_Computer_Vision/install/ros2_cv/lib/python3.10/site-packages/models
[0.956s] copying /home/justin/Documents/GitHub/rsla_Computer_Vision/build/ros2_cv/build/lib/models/yolo.py -> /home/justin/Documents/GitHub/rsla_Computer_Vision/install/ros2_cv/lib/python3.10/site-packages/models
[0.956s] copying /home/justin/Documents/GitHub/rsla_Computer_Vision/build/ros2_cv/build/lib/models/__init__.py -> /home/justin/Documents/GitHub/rsla_Computer_Vision/install/ros2_cv/lib/python3.10/site-packages/models
[0.956s] copying /home/justin/Documents/GitHub/rsla_Computer_Vision/build/ros2_cv/build/lib/models/common.py -> /home/justin/Documents/GitHub/rsla_Computer_Vision/install/ros2_cv/lib/python3.10/site-packages/models
[0.956s] copying /home/justin/Documents/GitHub/rsla_Computer_Vision/build/ros2_cv/build/lib/models/experimental.py -> /home/justin/Documents/GitHub/rsla_Computer_Vision/install/ros2_cv/lib/python3.10/site-packages/models
[0.957s] byte-compiling /home/justin/Documents/GitHub/rsla_Computer_Vision/install/ros2_cv/lib/python3.10/site-packages/cv/__init__.py to __init__.cpython-310.pyc
[0.957s] byte-compiling /home/justin/Documents/GitHub/rsla_Computer_Vision/install/ros2_cv/lib/python3.10/site-packages/cv/cv.py to cv.cpython-310.pyc
[0.958s] byte-compiling /home/justin/Documents/GitHub/rsla_Computer_Vision/install/ros2_cv/lib/python3.10/site-packages/models/yolo.py to yolo.cpython-310.pyc
[0.964s] byte-compiling /home/justin/Documents/GitHub/rsla_Computer_Vision/install/ros2_cv/lib/python3.10/site-packages/models/__init__.py to __init__.cpython-310.pyc
[0.964s] byte-compiling /home/justin/Documents/GitHub/rsla_Computer_Vision/install/ros2_cv/lib/python3.10/site-packages/models/common.py to common.cpython-310.pyc
[0.977s] byte-compiling /home/justin/Documents/GitHub/rsla_Computer_Vision/install/ros2_cv/lib/python3.10/site-packages/models/experimental.py to experimental.cpython-310.pyc
[0.978s] running install_data
[0.991s] creating /home/justin/Documents/GitHub/rsla_Computer_Vision/install/ros2_cv/share/ament_index
[0.995s] creating /home/justin/Documents/GitHub/rsla_Computer_Vision/install/ros2_cv/share/ament_index/resource_index
[0.996s] creating /home/justin/Documents/GitHub/rsla_Computer_Vision/install/ros2_cv/share/ament_index/resource_index/packages
[0.996s] error: can't copy 'resource/ros2_cv': doesn't exist or not a regular file
[1.024s] Invoked command in '/home/justin/Documents/GitHub/rsla_Computer_Vision/src' returned '1': CONDA_PROMPT_MODIFIER=(base) PYTHONPATH=/home/justin/Documents/GitHub/rsla_Computer_Vision/build/ros2_cv/prefix_override:/home/justin/Documents/GitHub/rsla_Computer_Vision/install/ros2_cv/lib/python3.10/site-packages:${PYTHONPATH} /usr/bin/python3 setup.py egg_info --egg-base ../build/ros2_cv build --build-base /home/justin/Documents/GitHub/rsla_Computer_Vision/build/ros2_cv/build install --record /home/justin/Documents/GitHub/rsla_Computer_Vision/build/ros2_cv/install.log --single-version-externally-managed
