[1.026s] DEBUG:colcon:Command line arguments: ['/usr/bin/colcon', 'build']
[1.026s] DEBUG:colcon:Parsed command line arguments: Namespace(log_base=None, log_level=None, verb_name='build', build_base='build', install_base='install', merge_install=False, symlink_install=False, test_result_base=None, continue_on_error=False, executor='parallel', parallel_workers=12, event_handlers=None, ignore_user_meta=False, metas=['./colcon.meta'], base_paths=['.'], packages_ignore=None, packages_ignore_regex=None, paths=None, packages_up_to=None, packages_up_to_regex=None, packages_above=None, packages_above_and_dependencies=None, packages_above_depth=None, packages_select_by_dep=None, packages_skip_by_dep=None, packages_skip_up_to=None, packages_select_build_failed=False, packages_skip_build_finished=False, packages_select_test_failures=False, packages_skip_test_passed=False, packages_select=None, packages_skip=None, packages_select_regex=None, packages_skip_regex=None, packages_start=None, packages_end=None, allow_overriding=[], cmake_args=None, cmake_target=None, cmake_target_skip_unavailable=False, cmake_clean_cache=False, cmake_clean_first=False, cmake_force_configure=False, ament_cmake_args=None, catkin_cmake_args=None, catkin_skip_building_tests=False, verb_parser=<colcon_defaults.argument_parser.defaults.DefaultArgumentsDecorator object at 0x7df1b4fa4e50>, verb_extension=<colcon_core.verb.build.BuildVerb object at 0x7df1b523aaa0>, main=<bound method BuildVerb.main of <colcon_core.verb.build.BuildVerb object at 0x7df1b523aaa0>>)
[1.080s] Level 1:colcon.colcon_core.package_discovery:discover_packages(colcon_meta) check parameters
[1.080s] Level 1:colcon.colcon_core.package_discovery:discover_packages(recursive) check parameters
[1.080s] Level 1:colcon.colcon_core.package_discovery:discover_packages(ignore) check parameters
[1.080s] Level 1:colcon.colcon_core.package_discovery:discover_packages(path) check parameters
[1.080s] Level 1:colcon.colcon_core.package_discovery:discover_packages(colcon_meta) discover
[1.080s] Level 1:colcon.colcon_core.package_discovery:discover_packages(recursive) discover
[1.080s] INFO:colcon.colcon_core.package_discovery:Crawling recursively for packages in '/home/justin/Documents/GitHub/rsla_Computer_Vision'
[1.080s] Level 1:colcon.colcon_core.package_identification:_identify(.) by extensions ['ignore', 'ignore_ament_install']
[1.080s] Level 1:colcon.colcon_core.package_identification:_identify(.) by extension 'ignore'
[1.080s] Level 1:colcon.colcon_core.package_identification:_identify(.) by extension 'ignore_ament_install'
[1.080s] Level 1:colcon.colcon_core.package_identification:_identify(.) by extensions ['colcon_pkg']
[1.080s] Level 1:colcon.colcon_core.package_identification:_identify(.) by extension 'colcon_pkg'
[1.080s] Level 1:colcon.colcon_core.package_identification:_identify(.) by extensions ['colcon_meta']
[1.080s] Level 1:colcon.colcon_core.package_identification:_identify(.) by extension 'colcon_meta'
[1.080s] Level 1:colcon.colcon_core.package_identification:_identify(.) by extensions ['ros']
[1.080s] Level 1:colcon.colcon_core.package_identification:_identify(.) by extension 'ros'
[1.090s] Level 1:colcon.colcon_core.package_identification:_identify(.) by extensions ['cmake', 'python']
[1.090s] Level 1:colcon.colcon_core.package_identification:_identify(.) by extension 'cmake'
[1.090s] Level 1:colcon.colcon_core.package_identification:_identify(.) by extension 'python'
[1.090s] Level 1:colcon.colcon_core.package_identification:_identify(.) by extensions ['python_setup_py']
[1.090s] Level 1:colcon.colcon_core.package_identification:_identify(.) by extension 'python_setup_py'
[1.090s] Level 1:colcon.colcon_core.package_identification:_identify(build) by extensions ['ignore', 'ignore_ament_install']
[1.091s] Level 1:colcon.colcon_core.package_identification:_identify(build) by extension 'ignore'
[1.091s] Level 1:colcon.colcon_core.package_identification:_identify(build) ignored
[1.091s] Level 1:colcon.colcon_core.package_identification:_identify(install) by extensions ['ignore', 'ignore_ament_install']
[1.091s] Level 1:colcon.colcon_core.package_identification:_identify(install) by extension 'ignore'
[1.091s] Level 1:colcon.colcon_core.package_identification:_identify(install) ignored
[1.091s] Level 1:colcon.colcon_core.package_identification:_identify(log) by extensions ['ignore', 'ignore_ament_install']
[1.091s] Level 1:colcon.colcon_core.package_identification:_identify(log) by extension 'ignore'
[1.091s] Level 1:colcon.colcon_core.package_identification:_identify(log) ignored
[1.091s] Level 1:colcon.colcon_core.package_identification:_identify(src) by extensions ['ignore', 'ignore_ament_install']
[1.091s] Level 1:colcon.colcon_core.package_identification:_identify(src) by extension 'ignore'
[1.091s] Level 1:colcon.colcon_core.package_identification:_identify(src) by extension 'ignore_ament_install'
[1.091s] Level 1:colcon.colcon_core.package_identification:_identify(src) by extensions ['colcon_pkg']
[1.091s] Level 1:colcon.colcon_core.package_identification:_identify(src) by extension 'colcon_pkg'
[1.091s] Level 1:colcon.colcon_core.package_identification:_identify(src) by extensions ['colcon_meta']
[1.091s] Level 1:colcon.colcon_core.package_identification:_identify(src) by extension 'colcon_meta'
[1.091s] Level 1:colcon.colcon_core.package_identification:_identify(src) by extensions ['ros']
[1.091s] Level 1:colcon.colcon_core.package_identification:_identify(src) by extension 'ros'
[1.091s] Level 1:colcon.colcon_core.package_identification:_identify(src) by extensions ['cmake', 'python']
[1.091s] Level 1:colcon.colcon_core.package_identification:_identify(src) by extension 'cmake'
[1.091s] Level 1:colcon.colcon_core.package_identification:_identify(src) by extension 'python'
[1.091s] Level 1:colcon.colcon_core.package_identification:_identify(src) by extensions ['python_setup_py']
[1.091s] Level 1:colcon.colcon_core.package_identification:_identify(src) by extension 'python_setup_py'
[1.092s] Level 1:colcon.colcon_core.package_identification:_identify(src/ros2_cv) by extensions ['ignore', 'ignore_ament_install']
[1.092s] Level 1:colcon.colcon_core.package_identification:_identify(src/ros2_cv) by extension 'ignore'
[1.092s] Level 1:colcon.colcon_core.package_identification:_identify(src/ros2_cv) by extension 'ignore_ament_install'
[1.092s] Level 1:colcon.colcon_core.package_identification:_identify(src/ros2_cv) by extensions ['colcon_pkg']
[1.092s] Level 1:colcon.colcon_core.package_identification:_identify(src/ros2_cv) by extension 'colcon_pkg'
[1.092s] Level 1:colcon.colcon_core.package_identification:_identify(src/ros2_cv) by extensions ['colcon_meta']
[1.092s] Level 1:colcon.colcon_core.package_identification:_identify(src/ros2_cv) by extension 'colcon_meta'
[1.092s] Level 1:colcon.colcon_core.package_identification:_identify(src/ros2_cv) by extensions ['ros']
[1.092s] Level 1:colcon.colcon_core.package_identification:_identify(src/ros2_cv) by extension 'ros'
[1.094s] DEBUG:colcon.colcon_core.package_identification:Package 'src/ros2_cv' with type 'ros.ament_python' and name 'ros2_cv'
[1.094s] Level 1:colcon.colcon_core.package_discovery:discover_packages(recursive) using defaults
[1.094s] Level 1:colcon.colcon_core.package_discovery:discover_packages(ignore) discover
[1.094s] Level 1:colcon.colcon_core.package_discovery:discover_packages(ignore) using defaults
[1.094s] Level 1:colcon.colcon_core.package_discovery:discover_packages(path) discover
[1.094s] Level 1:colcon.colcon_core.package_discovery:discover_packages(path) using defaults
[1.183s] Level 1:colcon.colcon_core.package_discovery:discover_packages(prefix_path) check parameters
[1.183s] Level 1:colcon.colcon_core.package_discovery:discover_packages(prefix_path) discover
[1.220s] DEBUG:colcon.colcon_installed_package_information.package_discovery:Found 1 installed packages in /home/justin/ros2_ws/install
[1.235s] DEBUG:colcon.colcon_installed_package_information.package_discovery:Found 281 installed packages in /opt/ros/iron
[1.236s] Level 1:colcon.colcon_core.package_discovery:discover_packages(prefix_path) using defaults
[1.305s] Level 5:colcon.colcon_core.verb:set package 'ros2_cv' build argument 'cmake_args' from command line to 'None'
[1.305s] Level 5:colcon.colcon_core.verb:set package 'ros2_cv' build argument 'cmake_target' from command line to 'None'
[1.305s] Level 5:colcon.colcon_core.verb:set package 'ros2_cv' build argument 'cmake_target_skip_unavailable' from command line to 'False'
[1.305s] Level 5:colcon.colcon_core.verb:set package 'ros2_cv' build argument 'cmake_clean_cache' from command line to 'False'
[1.305s] Level 5:colcon.colcon_core.verb:set package 'ros2_cv' build argument 'cmake_clean_first' from command line to 'False'
[1.305s] Level 5:colcon.colcon_core.verb:set package 'ros2_cv' build argument 'cmake_force_configure' from command line to 'False'
[1.305s] Level 5:colcon.colcon_core.verb:set package 'ros2_cv' build argument 'ament_cmake_args' from command line to 'None'
[1.305s] Level 5:colcon.colcon_core.verb:set package 'ros2_cv' build argument 'catkin_cmake_args' from command line to 'None'
[1.305s] Level 5:colcon.colcon_core.verb:set package 'ros2_cv' build argument 'catkin_skip_building_tests' from command line to 'False'
[1.305s] DEBUG:colcon.colcon_core.verb:Building package 'ros2_cv' with the following arguments: {'ament_cmake_args': None, 'build_base': '/home/justin/Documents/GitHub/rsla_Computer_Vision/build/ros2_cv', 'catkin_cmake_args': None, 'catkin_skip_building_tests': False, 'cmake_args': None, 'cmake_clean_cache': False, 'cmake_clean_first': False, 'cmake_force_configure': False, 'cmake_target': None, 'cmake_target_skip_unavailable': False, 'install_base': '/home/justin/Documents/GitHub/rsla_Computer_Vision/install/ros2_cv', 'merge_install': False, 'path': '/home/justin/Documents/GitHub/rsla_Computer_Vision/src/ros2_cv', 'symlink_install': False, 'test_result_base': None}
[1.319s] INFO:colcon.colcon_core.executor:Executing jobs using 'parallel' executor
[1.336s] DEBUG:colcon.colcon_parallel_executor.executor.parallel:run_until_complete
[1.336s] INFO:colcon.colcon_ros.task.ament_python.build:Building ROS package in '/home/justin/Documents/GitHub/rsla_Computer_Vision/src/ros2_cv' with build type 'ament_python'
[1.336s] Level 1:colcon.colcon_core.shell:create_environment_hook('ros2_cv', 'ament_prefix_path')
[1.358s] INFO:colcon.colcon_core.plugin_system:Skipping extension 'colcon_core.shell.bat': Not used on non-Windows systems
[1.358s] INFO:colcon.colcon_core.shell:Creating environment hook '/home/justin/Documents/GitHub/rsla_Computer_Vision/install/ros2_cv/share/ros2_cv/hook/ament_prefix_path.ps1'
[1.359s] INFO:colcon.colcon_core.shell:Creating environment descriptor '/home/justin/Documents/GitHub/rsla_Computer_Vision/install/ros2_cv/share/ros2_cv/hook/ament_prefix_path.dsv'
[1.360s] INFO:colcon.colcon_core.shell:Creating environment hook '/home/justin/Documents/GitHub/rsla_Computer_Vision/install/ros2_cv/share/ros2_cv/hook/ament_prefix_path.sh'
[1.376s] INFO:colcon.colcon_core.shell:Skip shell extension 'powershell' for command environment: Not usable outside of PowerShell
[1.376s] DEBUG:colcon.colcon_core.shell:Skip shell extension 'dsv' for command environment
[1.636s] INFO:colcon.colcon_core.task.python.build:Building Python package in '/home/justin/Documents/GitHub/rsla_Computer_Vision/src/ros2_cv'
[1.652s] INFO:colcon.colcon_core.shell:Skip shell extension 'powershell' for command environment: Not usable outside of PowerShell
[1.652s] DEBUG:colcon.colcon_core.shell:Skip shell extension 'dsv' for command environment
[2.002s] DEBUG:colcon.colcon_core.event_handler.log_command:Invoking command in '/home/justin/Documents/GitHub/rsla_Computer_Vision/src/ros2_cv': CONDA_PROMPT_MODIFIER=(base) PYTHONPATH=/home/justin/Documents/GitHub/rsla_Computer_Vision/build/ros2_cv/prefix_override:/home/justin/Documents/GitHub/rsla_Computer_Vision/install/ros2_cv/lib/python3.10/site-packages:${PYTHONPATH} /usr/bin/python3 setup.py egg_info --egg-base ../../build/ros2_cv build --build-base /home/justin/Documents/GitHub/rsla_Computer_Vision/build/ros2_cv/build install --record /home/justin/Documents/GitHub/rsla_Computer_Vision/build/ros2_cv/install.log --single-version-externally-managed
[2.295s] DEBUG:colcon.colcon_core.event_handler.log_command:Invoked command in '/home/justin/Documents/GitHub/rsla_Computer_Vision/src/ros2_cv' returned '0': CONDA_PROMPT_MODIFIER=(base) PYTHONPATH=/home/justin/Documents/GitHub/rsla_Computer_Vision/build/ros2_cv/prefix_override:/home/justin/Documents/GitHub/rsla_Computer_Vision/install/ros2_cv/lib/python3.10/site-packages:${PYTHONPATH} /usr/bin/python3 setup.py egg_info --egg-base ../../build/ros2_cv build --build-base /home/justin/Documents/GitHub/rsla_Computer_Vision/build/ros2_cv/build install --record /home/justin/Documents/GitHub/rsla_Computer_Vision/build/ros2_cv/install.log --single-version-externally-managed
[2.314s] Level 1:colcon.colcon_core.environment:checking '/home/justin/Documents/GitHub/rsla_Computer_Vision/install/ros2_cv' for CMake module files
[2.314s] Level 1:colcon.colcon_core.environment:checking '/home/justin/Documents/GitHub/rsla_Computer_Vision/install/ros2_cv' for CMake config files
[2.315s] Level 1:colcon.colcon_core.environment:checking '/home/justin/Documents/GitHub/rsla_Computer_Vision/install/ros2_cv/lib'
[2.315s] Level 1:colcon.colcon_core.environment:checking '/home/justin/Documents/GitHub/rsla_Computer_Vision/install/ros2_cv/bin'
[2.315s] Level 1:colcon.colcon_core.environment:checking '/home/justin/Documents/GitHub/rsla_Computer_Vision/install/ros2_cv/lib/pkgconfig/ros2_cv.pc'
[2.315s] Level 1:colcon.colcon_core.environment:checking '/home/justin/Documents/GitHub/rsla_Computer_Vision/install/ros2_cv/lib/python3.10/site-packages'
[2.315s] Level 1:colcon.colcon_core.shell:create_environment_hook('ros2_cv', 'pythonpath')
[2.330s] INFO:colcon.colcon_core.shell:Creating environment hook '/home/justin/Documents/GitHub/rsla_Computer_Vision/install/ros2_cv/share/ros2_cv/hook/pythonpath.ps1'
[2.330s] INFO:colcon.colcon_core.shell:Creating environment descriptor '/home/justin/Documents/GitHub/rsla_Computer_Vision/install/ros2_cv/share/ros2_cv/hook/pythonpath.dsv'
[2.330s] INFO:colcon.colcon_core.shell:Creating environment hook '/home/justin/Documents/GitHub/rsla_Computer_Vision/install/ros2_cv/share/ros2_cv/hook/pythonpath.sh'
[2.330s] Level 1:colcon.colcon_core.environment:checking '/home/justin/Documents/GitHub/rsla_Computer_Vision/install/ros2_cv/bin'
[2.330s] Level 1:colcon.colcon_core.environment:create_environment_scripts_only(ros2_cv)
[2.345s] INFO:colcon.colcon_core.shell:Creating package script '/home/justin/Documents/GitHub/rsla_Computer_Vision/install/ros2_cv/share/ros2_cv/package.ps1'
[2.346s] INFO:colcon.colcon_core.shell:Creating package descriptor '/home/justin/Documents/GitHub/rsla_Computer_Vision/install/ros2_cv/share/ros2_cv/package.dsv'
[2.346s] INFO:colcon.colcon_core.shell:Creating package script '/home/justin/Documents/GitHub/rsla_Computer_Vision/install/ros2_cv/share/ros2_cv/package.sh'
[2.347s] INFO:colcon.colcon_core.shell:Creating package script '/home/justin/Documents/GitHub/rsla_Computer_Vision/install/ros2_cv/share/ros2_cv/package.bash'
[2.348s] INFO:colcon.colcon_core.shell:Creating package script '/home/justin/Documents/GitHub/rsla_Computer_Vision/install/ros2_cv/share/ros2_cv/package.zsh'
[2.348s] Level 1:colcon.colcon_core.environment:create_file_with_runtime_dependencies(/home/justin/Documents/GitHub/rsla_Computer_Vision/install/ros2_cv/share/colcon-core/packages/ros2_cv)
[2.349s] DEBUG:colcon.colcon_parallel_executor.executor.parallel:closing loop
[2.349s] DEBUG:colcon.colcon_parallel_executor.executor.parallel:loop closed
[2.349s] DEBUG:colcon.colcon_parallel_executor.executor.parallel:run_until_complete finished with '0'
[2.350s] DEBUG:colcon.colcon_core.event_reactor:joining thread
[2.369s] INFO:colcon.colcon_core.plugin_system:Skipping extension 'colcon_notification.desktop_notification.notify_send': Could not find 'notify-send'
[2.369s] INFO:colcon.colcon_core.plugin_system:Skipping extension 'colcon_notification.desktop_notification.terminal_notifier': Not used on non-Darwin systems
[2.370s] INFO:colcon.colcon_core.plugin_system:Skipping extension 'colcon_notification.desktop_notification.win32': Not used on non-Windows systems
[2.370s] INFO:colcon.colcon_notification.desktop_notification:Sending desktop notification using 'notify2'
[2.425s] DEBUG:colcon.colcon_core.event_reactor:joined thread
[2.444s] INFO:colcon.colcon_core.shell:Creating prefix script '/home/justin/Documents/GitHub/rsla_Computer_Vision/install/local_setup.ps1'
[2.445s] INFO:colcon.colcon_core.shell:Creating prefix util module '/home/justin/Documents/GitHub/rsla_Computer_Vision/install/_local_setup_util_ps1.py'
[2.446s] INFO:colcon.colcon_core.shell:Creating prefix chain script '/home/justin/Documents/GitHub/rsla_Computer_Vision/install/setup.ps1'
[2.463s] INFO:colcon.colcon_core.shell:Creating prefix script '/home/justin/Documents/GitHub/rsla_Computer_Vision/install/local_setup.sh'
[2.464s] INFO:colcon.colcon_core.shell:Creating prefix util module '/home/justin/Documents/GitHub/rsla_Computer_Vision/install/_local_setup_util_sh.py'
[2.465s] INFO:colcon.colcon_core.shell:Creating prefix chain script '/home/justin/Documents/GitHub/rsla_Computer_Vision/install/setup.sh'
[2.481s] INFO:colcon.colcon_core.shell:Creating prefix script '/home/justin/Documents/GitHub/rsla_Computer_Vision/install/local_setup.bash'
[2.481s] INFO:colcon.colcon_core.shell:Creating prefix chain script '/home/justin/Documents/GitHub/rsla_Computer_Vision/install/setup.bash'
[2.499s] INFO:colcon.colcon_core.shell:Creating prefix script '/home/justin/Documents/GitHub/rsla_Computer_Vision/install/local_setup.zsh'
[2.499s] INFO:colcon.colcon_core.shell:Creating prefix chain script '/home/justin/Documents/GitHub/rsla_Computer_Vision/install/setup.zsh'
