[0.653s] Invoking command in '/home/justin/Documents/GitHub/rsla_Computer_Vision/src/cv': CONDA_PROMPT_MODIFIER=(base) PYTHONPATH=/home/justin/Documents/GitHub/rsla_Computer_Vision/build/cv/prefix_override:/home/justin/Documents/GitHub/rsla_Computer_Vision/install/cv/lib/python3.10/site-packages:${PYTHONPATH} /usr/bin/python3 setup.py egg_info --egg-base ../../build/cv build --build-base /home/justin/Documents/GitHub/rsla_Computer_Vision/build/cv/build install --record /home/justin/Documents/GitHub/rsla_Computer_Vision/build/cv/install.log --single-version-externally-managed
[0.854s] running egg_info
[0.855s] writing ../../build/cv/cv.egg-info/PKG-INFO
[0.855s] writing dependency_links to ../../build/cv/cv.egg-info/dependency_links.txt
[0.855s] writing entry points to ../../build/cv/cv.egg-info/entry_points.txt
[0.855s] writing requirements to ../../build/cv/cv.egg-info/requires.txt
[0.855s] writing top-level names to ../../build/cv/cv.egg-info/top_level.txt
[0.857s] reading manifest file '../../build/cv/cv.egg-info/SOURCES.txt'
[0.858s] writing manifest file '../../build/cv/cv.egg-info/SOURCES.txt'
[0.858s] running build
[0.858s] running build_py
[0.859s] copying cv/cv.py -> /home/justin/Documents/GitHub/rsla_Computer_Vision/build/cv/build/lib/cv
[0.859s] creating /home/justin/Documents/GitHub/rsla_Computer_Vision/build/cv/build/lib/utils
[0.859s] copying utils/loss.py -> /home/justin/Documents/GitHub/rsla_Computer_Vision/build/cv/build/lib/utils
[0.859s] copying utils/__init__.py -> /home/justin/Documents/GitHub/rsla_Computer_Vision/build/cv/build/lib/utils
[0.859s] copying utils/metrics.py -> /home/justin/Documents/GitHub/rsla_Computer_Vision/build/cv/build/lib/utils
[0.859s] copying utils/google_utils.py -> /home/justin/Documents/GitHub/rsla_Computer_Vision/build/cv/build/lib/utils
[0.860s] copying utils/autoanchor.py -> /home/justin/Documents/GitHub/rsla_Computer_Vision/build/cv/build/lib/utils
[0.860s] copying utils/add_nms.py -> /home/justin/Documents/GitHub/rsla_Computer_Vision/build/cv/build/lib/utils
[0.860s] copying utils/datasets.py -> /home/justin/Documents/GitHub/rsla_Computer_Vision/build/cv/build/lib/utils
[0.860s] copying utils/plots.py -> /home/justin/Documents/GitHub/rsla_Computer_Vision/build/cv/build/lib/utils
[0.860s] copying utils/activations.py -> /home/justin/Documents/GitHub/rsla_Computer_Vision/build/cv/build/lib/utils
[0.860s] copying utils/general.py -> /home/justin/Documents/GitHub/rsla_Computer_Vision/build/cv/build/lib/utils
[0.860s] copying utils/torch_utils.py -> /home/justin/Documents/GitHub/rsla_Computer_Vision/build/cv/build/lib/utils
[0.860s] creating /home/justin/Documents/GitHub/rsla_Computer_Vision/build/cv/build/lib/models
[0.860s] copying models/yolo.py -> /home/justin/Documents/GitHub/rsla_Computer_Vision/build/cv/build/lib/models
[0.860s] copying models/__init__.py -> /home/justin/Documents/GitHub/rsla_Computer_Vision/build/cv/build/lib/models
[0.860s] copying models/common.py -> /home/justin/Documents/GitHub/rsla_Computer_Vision/build/cv/build/lib/models
[0.861s] copying models/experimental.py -> /home/justin/Documents/GitHub/rsla_Computer_Vision/build/cv/build/lib/models
[0.861s] creating /home/justin/Documents/GitHub/rsla_Computer_Vision/build/cv/build/lib/utils/wandb_logging
[0.861s] copying utils/wandb_logging/__init__.py -> /home/justin/Documents/GitHub/rsla_Computer_Vision/build/cv/build/lib/utils/wandb_logging
[0.861s] copying utils/wandb_logging/wandb_utils.py -> /home/justin/Documents/GitHub/rsla_Computer_Vision/build/cv/build/lib/utils/wandb_logging
[0.861s] copying utils/wandb_logging/log_dataset.py -> /home/justin/Documents/GitHub/rsla_Computer_Vision/build/cv/build/lib/utils/wandb_logging
[0.861s] creating /home/justin/Documents/GitHub/rsla_Computer_Vision/build/cv/build/lib/utils/aws
[0.861s] copying utils/aws/__init__.py -> /home/justin/Documents/GitHub/rsla_Computer_Vision/build/cv/build/lib/utils/aws
[0.861s] copying utils/aws/resume.py -> /home/justin/Documents/GitHub/rsla_Computer_Vision/build/cv/build/lib/utils/aws
[0.862s] running install
[0.862s] /usr/lib/python3/dist-packages/setuptools/command/install.py:34: SetuptoolsDeprecationWarning: setup.py install is deprecated. Use build and pip and other standards-based tools.
[0.862s]   warnings.warn(
[0.862s] running install_lib
[0.863s] copying /home/justin/Documents/GitHub/rsla_Computer_Vision/build/cv/build/lib/cv/cv.py -> /home/justin/Documents/GitHub/rsla_Computer_Vision/install/cv/lib/python3.10/site-packages/cv
[0.863s] creating /home/justin/Documents/GitHub/rsla_Computer_Vision/install/cv/lib/python3.10/site-packages/utils
[0.863s] copying /home/justin/Documents/GitHub/rsla_Computer_Vision/build/cv/build/lib/utils/loss.py -> /home/justin/Documents/GitHub/rsla_Computer_Vision/install/cv/lib/python3.10/site-packages/utils
[0.863s] creating /home/justin/Documents/GitHub/rsla_Computer_Vision/install/cv/lib/python3.10/site-packages/utils/wandb_logging
[0.863s] copying /home/justin/Documents/GitHub/rsla_Computer_Vision/build/cv/build/lib/utils/wandb_logging/__init__.py -> /home/justin/Documents/GitHub/rsla_Computer_Vision/install/cv/lib/python3.10/site-packages/utils/wandb_logging
[0.863s] copying /home/justin/Documents/GitHub/rsla_Computer_Vision/build/cv/build/lib/utils/wandb_logging/wandb_utils.py -> /home/justin/Documents/GitHub/rsla_Computer_Vision/install/cv/lib/python3.10/site-packages/utils/wandb_logging
[0.863s] copying /home/justin/Documents/GitHub/rsla_Computer_Vision/build/cv/build/lib/utils/wandb_logging/log_dataset.py -> /home/justin/Documents/GitHub/rsla_Computer_Vision/install/cv/lib/python3.10/site-packages/utils/wandb_logging
[0.864s] copying /home/justin/Documents/GitHub/rsla_Computer_Vision/build/cv/build/lib/utils/__init__.py -> /home/justin/Documents/GitHub/rsla_Computer_Vision/install/cv/lib/python3.10/site-packages/utils
[0.864s] copying /home/justin/Documents/GitHub/rsla_Computer_Vision/build/cv/build/lib/utils/metrics.py -> /home/justin/Documents/GitHub/rsla_Computer_Vision/install/cv/lib/python3.10/site-packages/utils
[0.864s] copying /home/justin/Documents/GitHub/rsla_Computer_Vision/build/cv/build/lib/utils/google_utils.py -> /home/justin/Documents/GitHub/rsla_Computer_Vision/install/cv/lib/python3.10/site-packages/utils
[0.864s] copying /home/justin/Documents/GitHub/rsla_Computer_Vision/build/cv/build/lib/utils/autoanchor.py -> /home/justin/Documents/GitHub/rsla_Computer_Vision/install/cv/lib/python3.10/site-packages/utils
[0.864s] creating /home/justin/Documents/GitHub/rsla_Computer_Vision/install/cv/lib/python3.10/site-packages/utils/aws
[0.864s] copying /home/justin/Documents/GitHub/rsla_Computer_Vision/build/cv/build/lib/utils/aws/__init__.py -> /home/justin/Documents/GitHub/rsla_Computer_Vision/install/cv/lib/python3.10/site-packages/utils/aws
[0.864s] copying /home/justin/Documents/GitHub/rsla_Computer_Vision/build/cv/build/lib/utils/aws/resume.py -> /home/justin/Documents/GitHub/rsla_Computer_Vision/install/cv/lib/python3.10/site-packages/utils/aws
[0.864s] copying /home/justin/Documents/GitHub/rsla_Computer_Vision/build/cv/build/lib/utils/add_nms.py -> /home/justin/Documents/GitHub/rsla_Computer_Vision/install/cv/lib/python3.10/site-packages/utils
[0.864s] copying /home/justin/Documents/GitHub/rsla_Computer_Vision/build/cv/build/lib/utils/datasets.py -> /home/justin/Documents/GitHub/rsla_Computer_Vision/install/cv/lib/python3.10/site-packages/utils
[0.864s] copying /home/justin/Documents/GitHub/rsla_Computer_Vision/build/cv/build/lib/utils/plots.py -> /home/justin/Documents/GitHub/rsla_Computer_Vision/install/cv/lib/python3.10/site-packages/utils
[0.864s] copying /home/justin/Documents/GitHub/rsla_Computer_Vision/build/cv/build/lib/utils/activations.py -> /home/justin/Documents/GitHub/rsla_Computer_Vision/install/cv/lib/python3.10/site-packages/utils
[0.864s] copying /home/justin/Documents/GitHub/rsla_Computer_Vision/build/cv/build/lib/utils/general.py -> /home/justin/Documents/GitHub/rsla_Computer_Vision/install/cv/lib/python3.10/site-packages/utils
[0.864s] copying /home/justin/Documents/GitHub/rsla_Computer_Vision/build/cv/build/lib/utils/torch_utils.py -> /home/justin/Documents/GitHub/rsla_Computer_Vision/install/cv/lib/python3.10/site-packages/utils
[0.865s] creating /home/justin/Documents/GitHub/rsla_Computer_Vision/install/cv/lib/python3.10/site-packages/models
[0.865s] copying /home/justin/Documents/GitHub/rsla_Computer_Vision/build/cv/build/lib/models/yolo.py -> /home/justin/Documents/GitHub/rsla_Computer_Vision/install/cv/lib/python3.10/site-packages/models
[0.865s] copying /home/justin/Documents/GitHub/rsla_Computer_Vision/build/cv/build/lib/models/__init__.py -> /home/justin/Documents/GitHub/rsla_Computer_Vision/install/cv/lib/python3.10/site-packages/models
[0.865s] copying /home/justin/Documents/GitHub/rsla_Computer_Vision/build/cv/build/lib/models/common.py -> /home/justin/Documents/GitHub/rsla_Computer_Vision/install/cv/lib/python3.10/site-packages/models
[0.865s] copying /home/justin/Documents/GitHub/rsla_Computer_Vision/build/cv/build/lib/models/experimental.py -> /home/justin/Documents/GitHub/rsla_Computer_Vision/install/cv/lib/python3.10/site-packages/models
[0.865s] byte-compiling /home/justin/Documents/GitHub/rsla_Computer_Vision/install/cv/lib/python3.10/site-packages/cv/cv.py to cv.cpython-310.pyc
[0.867s] byte-compiling /home/justin/Documents/GitHub/rsla_Computer_Vision/install/cv/lib/python3.10/site-packages/utils/loss.py to loss.cpython-310.pyc
[0.876s] byte-compiling /home/justin/Documents/GitHub/rsla_Computer_Vision/install/cv/lib/python3.10/site-packages/utils/wandb_logging/__init__.py to __init__.cpython-310.pyc
[0.876s] byte-compiling /home/justin/Documents/GitHub/rsla_Computer_Vision/install/cv/lib/python3.10/site-packages/utils/wandb_logging/wandb_utils.py to wandb_utils.cpython-310.pyc
[0.878s] byte-compiling /home/justin/Documents/GitHub/rsla_Computer_Vision/install/cv/lib/python3.10/site-packages/utils/wandb_logging/log_dataset.py to log_dataset.cpython-310.pyc
[0.879s] byte-compiling /home/justin/Documents/GitHub/rsla_Computer_Vision/install/cv/lib/python3.10/site-packages/utils/__init__.py to __init__.cpython-310.pyc
[0.879s] byte-compiling /home/justin/Documents/GitHub/rsla_Computer_Vision/install/cv/lib/python3.10/site-packages/utils/metrics.py to metrics.cpython-310.pyc
[0.880s] byte-compiling /home/justin/Documents/GitHub/rsla_Computer_Vision/install/cv/lib/python3.10/site-packages/utils/google_utils.py to google_utils.cpython-310.pyc
[0.881s] byte-compiling /home/justin/Documents/GitHub/rsla_Computer_Vision/install/cv/lib/python3.10/site-packages/utils/autoanchor.py to autoanchor.cpython-310.pyc
[0.883s] byte-compiling /home/justin/Documents/GitHub/rsla_Computer_Vision/install/cv/lib/python3.10/site-packages/utils/aws/__init__.py to __init__.cpython-310.pyc
[0.883s] byte-compiling /home/justin/Documents/GitHub/rsla_Computer_Vision/install/cv/lib/python3.10/site-packages/utils/aws/resume.py to resume.cpython-310.pyc
[0.884s] byte-compiling /home/justin/Documents/GitHub/rsla_Computer_Vision/install/cv/lib/python3.10/site-packages/utils/add_nms.py to add_nms.cpython-310.pyc
[0.885s] byte-compiling /home/justin/Documents/GitHub/rsla_Computer_Vision/install/cv/lib/python3.10/site-packages/utils/datasets.py to datasets.cpython-310.pyc
[0.895s] byte-compiling /home/justin/Documents/GitHub/rsla_Computer_Vision/install/cv/lib/python3.10/site-packages/utils/plots.py to plots.cpython-310.pyc
[0.899s] byte-compiling /home/justin/Documents/GitHub/rsla_Computer_Vision/install/cv/lib/python3.10/site-packages/utils/activations.py to activations.cpython-310.pyc
[0.900s] byte-compiling /home/justin/Documents/GitHub/rsla_Computer_Vision/install/cv/lib/python3.10/site-packages/utils/general.py to general.cpython-310.pyc
[0.909s] byte-compiling /home/justin/Documents/GitHub/rsla_Computer_Vision/install/cv/lib/python3.10/site-packages/utils/torch_utils.py to torch_utils.cpython-310.pyc
[0.911s] byte-compiling /home/justin/Documents/GitHub/rsla_Computer_Vision/install/cv/lib/python3.10/site-packages/models/yolo.py to yolo.cpython-310.pyc
[0.917s] byte-compiling /home/justin/Documents/GitHub/rsla_Computer_Vision/install/cv/lib/python3.10/site-packages/models/__init__.py to __init__.cpython-310.pyc
[0.917s] byte-compiling /home/justin/Documents/GitHub/rsla_Computer_Vision/install/cv/lib/python3.10/site-packages/models/common.py to common.cpython-310.pyc
[0.928s] byte-compiling /home/justin/Documents/GitHub/rsla_Computer_Vision/install/cv/lib/python3.10/site-packages/models/experimental.py to experimental.cpython-310.pyc
[0.930s] running install_data
[0.931s] creating /home/justin/Documents/GitHub/rsla_Computer_Vision/install/cv/lib/cv
[0.931s] creating /home/justin/Documents/GitHub/rsla_Computer_Vision/install/cv/lib/cv/models
[0.931s] copying models/experimental.py -> /home/justin/Documents/GitHub/rsla_Computer_Vision/install/cv/lib/cv/models/
[0.931s] copying models/common.py -> /home/justin/Documents/GitHub/rsla_Computer_Vision/install/cv/lib/cv/models/
[0.931s] copying models/yolo.py -> /home/justin/Documents/GitHub/rsla_Computer_Vision/install/cv/lib/cv/models/
[0.932s] creating /home/justin/Documents/GitHub/rsla_Computer_Vision/install/cv/lib/cv/utils
[0.932s] copying utils/general.py -> /home/justin/Documents/GitHub/rsla_Computer_Vision/install/cv/lib/cv/utils/
[0.932s] copying utils/torch_utils.py -> /home/justin/Documents/GitHub/rsla_Computer_Vision/install/cv/lib/cv/utils/
[0.932s] copying utils/plots.py -> /home/justin/Documents/GitHub/rsla_Computer_Vision/install/cv/lib/cv/utils/
[0.932s] copying utils/datasets.py -> /home/justin/Documents/GitHub/rsla_Computer_Vision/install/cv/lib/cv/utils/
[0.932s] copying utils/google_utils.py -> /home/justin/Documents/GitHub/rsla_Computer_Vision/install/cv/lib/cv/utils/
[0.932s] copying utils/activations.py -> /home/justin/Documents/GitHub/rsla_Computer_Vision/install/cv/lib/cv/utils/
[0.932s] copying utils/add_nms.py -> /home/justin/Documents/GitHub/rsla_Computer_Vision/install/cv/lib/cv/utils/
[0.932s] copying utils/autoanchor.py -> /home/justin/Documents/GitHub/rsla_Computer_Vision/install/cv/lib/cv/utils/
[0.932s] copying utils/loss.py -> /home/justin/Documents/GitHub/rsla_Computer_Vision/install/cv/lib/cv/utils/
[0.932s] copying utils/metrics.py -> /home/justin/Documents/GitHub/rsla_Computer_Vision/install/cv/lib/cv/utils/
[0.932s] running install_egg_info
[0.934s] removing '/home/justin/Documents/GitHub/rsla_Computer_Vision/install/cv/lib/python3.10/site-packages/cv-0.0.0-py3.10.egg-info' (and everything under it)
[0.934s] Copying ../../build/cv/cv.egg-info to /home/justin/Documents/GitHub/rsla_Computer_Vision/install/cv/lib/python3.10/site-packages/cv-0.0.0-py3.10.egg-info
[0.934s] running install_scripts
[0.949s] Installing cv script to /home/justin/Documents/GitHub/rsla_Computer_Vision/install/cv/lib/cv
[0.949s] writing list of installed files to '/home/justin/Documents/GitHub/rsla_Computer_Vision/build/cv/install.log'
[0.967s] Invoked command in '/home/justin/Documents/GitHub/rsla_Computer_Vision/src/cv' returned '0': CONDA_PROMPT_MODIFIER=(base) PYTHONPATH=/home/justin/Documents/GitHub/rsla_Computer_Vision/build/cv/prefix_override:/home/justin/Documents/GitHub/rsla_Computer_Vision/install/cv/lib/python3.10/site-packages:${PYTHONPATH} /usr/bin/python3 setup.py egg_info --egg-base ../../build/cv build --build-base /home/justin/Documents/GitHub/rsla_Computer_Vision/build/cv/build install --record /home/justin/Documents/GitHub/rsla_Computer_Vision/build/cv/install.log --single-version-externally-managed
